[2017-03-05 12:46:18] current url: http://www.acfun.cn/v/list73/index.htm
[2017-03-05 12:46:18] next article link size: 42
[2017-03-05 12:46:19] current url: http://www.acfun.cn/a/ac3520657
[2017-03-05 12:46:19] next article link size: 0
[2017-03-05 12:46:19] 文章标题： 求南昌大触戳进~ - AcFun弹幕视频网 - 认真你就输啦 (・ω・)ノ- ( ゜- ゜)つロ
[2017-03-05 12:46:19] 文章内容： 
[2017-03-05 12:46:19] 哥们过几天要去南昌嗨皮个3-4天（去见女票）
[2017-03-05 12:46:19] 因为女票学业比较忙，所以想请教南昌的土著/大触们关于南昌的美食和游玩的地方，帮她做做攻略
[2017-03-05 12:46:19] 
[2017-03-05 12:46:19] 像瓦罐羊肉汤，炒粉，炒螺丝什么的小弟都想吃一吃（就认吃）  想找一些比较正宗，接地气的地方
[2017-03-05 12:46:19] 
[2017-03-05 12:46:19] 然后有查到万达游乐园，打算去玩耍一波~ 其他的没有一些好的景点和游玩的地方也求推荐~ ！！
[2017-03-05 12:46:19] ~
[2017-03-05 12:46:19] 
[2017-03-05 12:46:19] 在网上查的一些当地著名美食
[2017-03-05 12:46:19] 不知道哪里最好吃撒
[2017-03-05 12:46:19] 
[2017-03-05 12:46:19] UP主： 燃烧的红霞
[2017-03-05 12:46:20] current url: http://www.acfun.cn/a/ac3520511
[2017-03-05 12:46:20] next article link size: 0
[2017-03-05 12:46:20] 文章标题： 【金三银四跳槽季】关于几个offer的选择上，请诸君施舍点建议 - AcFun弹幕视频网 - 认真你就输啦 (・ω・)ノ- ( ゜- ゜)つロ
[2017-03-05 12:46:20] 文章内容： 
[2017-03-05 12:46:20] 
[2017-03-05 12:46:20] 
[2017-03-05 12:46:20] 
[2017-03-05 12:46:20] 
[2017-03-05 12:46:20] 
[2017-03-05 12:46:20] 
[2017-03-05 12:46:20] 
[2017-03-05 12:46:20] 
[2017-03-05 12:46:20] 
[2017-03-05 12:46:20] 
[2017-03-05 12:46:20] 
[2017-03-05 12:46:20] 
[2017-03-05 12:46:20] 
[2017-03-05 12:46:20]  
[2017-03-05 12:46:20]  
[2017-03-05 12:46:20]  
[2017-03-05 12:46:20] 先介绍下自己，浙中地区男性，90年代初人，做了四年的房地产策划（乙方，同个单位），半年的商超企划，决定跳槽，跳槽前年薪2.5狗（毕竟只是商超不是地产了），因为投简历比较慎重，所以面试了几家都拿到了offer，但有点迷茫，跪求诸君给些建议。
[2017-03-05 12:46:20]    
[2017-03-05 12:46:20]                                  
[2017-03-05 12:46:20] A：母婴用品电商的
[2017-03-05 12:46:20] 产品专员
[2017-03-05 12:46:20] （新设立部门），X宝品类前三，工资5K，996但估计加班很常见。
[2017-03-05 12:46:20]           
[2017-03-05 12:46:20] 老板是个帅B
[2017-03-05 12:46:20]      
[2017-03-05 12:46:20] ，品牌定位和方向比较靠谱。企业原先有别的产品体系，有各种专利支撑，母婴是这两年的重点。 但问题在上班时间长早8晚5，公司距离不近（开车半小时），而且毕竟是个私企，没有公积金。
[2017-03-05 12:46:20]    
[2017-03-05 12:46:20]      
[2017-03-05 12:46:20]        
[2017-03-05 12:46:20]               
[2017-03-05 12:46:20]                              
[2017-03-05 12:46:20]  B：虚拟现实相关（VR）高新技术公司，目前业务以toB为主的直营体验店，
[2017-03-05 12:46:20] 实体店的督导岗位
[2017-03-05 12:46:20] ，主要负责数据统计和处理管辖门店的问题并给出解决方案和建议。外资企业，双休，995，工资3K-3.5K加提成，预计4K上。发展前景光明，环境nice，
[2017-03-05 12:46:20]           
[2017-03-05 12:46:20] 年轻妹子超多，
[2017-03-05 12:46:20] 领导很专业，并在面谈后对我表示后期转岗希望很大。但工资低很尴尬。 
[2017-03-05 12:46:20]    
[2017-03-05 12:46:20]      
[2017-03-05 12:46:20]    
[2017-03-05 12:46:20] C：某国企（供销社），环境相当“体制内”，下属某融资公司新设企划部，让我做负责人，副经理级，预计年薪三狗往上，775的工作时间，都是些老头老太，极其不专业，工作环境懒散空闲。从没尝试过国企文化，感觉很方。 
[2017-03-05 12:46:20]    
[2017-03-05 12:46:20]      
[2017-03-05 12:46:20]    
[2017-03-05 12:46:20]  D：某区政府招商中心工作人员，编制外，派遣工，还不知道待遇。
[2017-03-05 12:46:20]       
[2017-03-05 12:46:20] 个人对AorB的offer比较犹豫和纠结
[2017-03-05 12:46:20] C的环境不知道是否能够适应，没做过管理者，一下子就做负责人也有点无处着手，但4份offer里ABD基本都是直接转行。
[2017-03-05 12:46:20] D什么的，有体制内的说说这个岗位有希望转编制么？
[2017-03-05 12:46:20] 
[2017-03-05 12:46:20] UP主： 我想曹静静
[2017-03-05 12:46:21] current url: http://www.acfun.cn/a/ac3520406
[2017-03-05 12:46:21] next article link size: 0
[2017-03-05 12:46:21] 文章标题： 要去相亲就别喝酒 - AcFun弹幕视频网 - 认真你就输啦 (・ω・)ノ- ( ゜- ゜)つロ
[2017-03-05 12:46:21] 文章内容： 
[2017-03-05 12:46:21] 
[2017-03-05 12:46:21] 
[2017-03-05 12:46:21] 
[2017-03-05 12:46:21] 
[2017-03-05 12:46:21] 
[2017-03-05 12:46:21] 
[2017-03-05 12:46:21] 
[2017-03-05 12:46:21] 
[2017-03-05 12:46:21] 
[2017-03-05 12:46:21] 
[2017-03-05 12:46:21] 
[2017-03-05 12:46:21] 
[2017-03-05 12:46:21] 
[2017-03-05 12:46:21] 
[2017-03-05 12:46:21] 
[2017-03-05 12:46:21] 
[2017-03-05 12:46:21] 
[2017-03-05 12:46:21] 
[2017-03-05 12:46:21] 
[2017-03-05 12:46:21] 
[2017-03-05 12:46:21] 
[2017-03-05 12:46:21] 
[2017-03-05 12:46:21] 
[2017-03-05 12:46:21] 
[2017-03-05 12:46:21] 
[2017-03-05 12:46:21] 
[2017-03-05 12:46:21] 
[2017-03-05 12:46:21] 
[2017-03-05 12:46:21] 
[2017-03-05 12:46:21] 
[2017-03-05 12:46:21] 
[2017-03-05 12:46:21] 
[2017-03-05 12:46:21] 
[2017-03-05 12:46:21] 
[2017-03-05 12:46:21] 
[2017-03-05 12:46:21] 
[2017-03-05 12:46:21] 
[2017-03-05 12:46:21] 
[2017-03-05 12:46:21] 
[2017-03-05 12:46:21] 
[2017-03-05 12:46:21] 
[2017-03-05 12:46:21] 
[2017-03-05 12:46:21] 
[2017-03-05 12:46:21] 
[2017-03-05 12:46:21] 
[2017-03-05 12:46:21] 
[2017-03-05 12:46:21] 
[2017-03-05 12:46:21] 
[2017-03-05 12:46:21] 
[2017-03-05 12:46:21] 
[2017-03-05 12:46:21] 
[2017-03-05 12:46:21] 
[2017-03-05 12:46:21] 
[2017-03-05 12:46:21] 
[2017-03-05 12:46:21] 
[2017-03-05 12:46:21] 
[2017-03-05 12:46:21] 
[2017-03-05 12:46:21] 
[2017-03-05 12:46:21] 
[2017-03-05 12:46:21] 
[2017-03-05 12:46:21] 
[2017-03-05 12:46:21] 
[2017-03-05 12:46:21] 
[2017-03-05 12:46:21] 
[2017-03-05 12:46:21] 
[2017-03-05 12:46:21] “冬天”终于过去了，明明都春天还冷的那么邪性。春节时穿的大衣，再一次熨，准备再一次封柜。边处理大衣，边梳理穿这件大衣春节发生的事。春节喝的酒多，就用这条掺了酒精的线轴来串联这些事吧！
[2017-03-05 12:46:21] 这个
[2017-03-05 12:46:21] 春节假期回家之前似乎没有什么开心事，沪昆高铁开通除外。母亲来电问我归期，以便安排相亲，得知是堂姐的婆婆做的红人，老太太情面抹不开必须要去。确定1月20好回家。高铁省去了十几个小时的火车晃荡，1月20号当天下午踏出南昌火车站。
[2017-03-05 12:46:21] 家中两兄弟，我行二。大哥结婚三年，大嫂怀孕七个月，母亲看老大已成家，添丁在即。现在便操心我这个单身汉，晚饭时颇多抱怨数落。我埋头大嚼，预感这年怕是难过。
[2017-03-05 12:46:21] 次日午后，老太太来电催促，要我去和女方见面。约得地点居然是姑娘家里，去得路上，老太太在副驾驶，嘱咐我一会儿的注意事项，我打断道：我又不是第一次相亲。老太太叹了口气说：要不是老头住院你给守了一个礼拜，我看你这后生心善，不然鬼才上这个心哦。说着便到了姑娘家小区。到了目的地，我自是换上一副职场笑容，说着讨趣的话，向姑娘长辈见礼。按着流程在聊天过程中介绍自己，茶水喝了一杯，老太太说道：你们俩小年轻出去走走说说话，和我们这帮讨嫌的在一起你们不好意思。楼下的绿化里走着，我才认真的打量起姑娘。和老太太口中说的肤白貌美身高苗条基本吻合。
[2017-03-05 12:46:21] 我：你叫老太太啥？
[2017-03-05 12:46:21] 姑娘：姑婆。你多大了？
[2017-03-05 12:46:21] 我：91年。
[2017-03-05 12:46:21] 之后，姑娘的手机提示音就没停过，她的眼睛也没有再离开手机屏幕之外的地方。不知多久，我得出结论：南昌的太阳没有昆明的暖和。想着赶紧结束这一场尴尬且冷的“活动”。······回去路上，老太太啰嗦着：男孩要主动，你感觉人妮子怎么样之类的话题。我心不在焉的应着，心中整理着这姑娘的信息，名字:zhang XX(忘了)年龄：未知，职业：没问。
[2017-03-05 12:46:21] ···········
[2017-03-05 12:46:21] 第一次相亲之后的两天里，母亲对我越发的嫌弃了，我却在想着另一件事：高中女同学小珺的婚礼。···接了另一个要赴会的男同学后驶向婚礼酒店。···盛装之下的新娘，我几乎都不敢认。说着祝福的话向着新人道贺。请的同学只来4个，我和同伴寻了个角落抽烟聊天，一幅新人新婚照的海报吸引了我的注意，海报上有一句：十四年的相依相伴
[2017-03-05 12:46:21] 我指着海报问同伴：这十四年啥意思啊？
[2017-03-05 12:46:21] 同伴：新郎是她的初中同学。
[2017-03-05 12:46:21] 我：她高中不是和XXX好吗？
[2017-03-05 12:46:21] 同伴：哎呀，那时候跟过家家似的，做不得数。
[2017-03-05 12:46:21] 我：这“十四年”就做的数？
[2017-03-05 12:46:21] 同伴：做得！
[2017-03-05 12:46:21] 我：嗯！情深义重啊！
[2017-03-05 12:46:21] 宴中，新娘要抛花球，单身人士都要去接球，我默默的走到接花阵营的最后！
[2017-03-05 12:46:21] ···············
[2017-03-05 12:46:21] 初中毕业十一年了，十周年的时候没有聚起来，所以十一年的时候要聚一次。三个月前就建了群商量聚会日子，结果迁就这个总那个老板，约定的日子一改再改，总算架子没有大到把日子改没了，各方“大佬”也是十分赏脸的能出席。和几个相熟的同学做了一桌，聊着闲话，你结婚了，他也成家了，还好还有几个孤家寡人没有让我太显眼。班上最被看好的同学做了公务员，有人就撑着酒意挑事般的问他：“你的梦想是什么？”“我的梦想就是当一个公务员，安家过日啊。”他回答了反问道：“你的梦想是什么？”。····最后，梦想的问题问到了我这。我把半截烟在指间揉灭，火辣辣的疼减去点酒意，然后耍赖般回答：在一天早上醒来就忘了！
[2017-03-05 12:46:21] ··················
[2017-03-05 12:46:21] 春节后，假期还在继续，假期没有早睡，假期也没有早餐。早上9点半母亲把我从床上揪了下来，说和同事约好要给我介绍姑娘，在老娘的催促中完成漱洗，忙乱中，老娘还不忘给我换一条围巾。一个人出发，约在母亲同事的店里。很惭愧，人姑娘先到了，也是一个人。还是她向我问的好，看来是个开朗外向的人。自我介绍后，店主就说：你们出去逛逛说说话，我这还有客人要招呼。
[2017-03-05 12:46:21] 店外，姑娘名字里有个“桃”字，就叫她桃子吧。
[2017-03-05 12:46:21] 桃子：我早上还没吃东西呢，带我找吃的去
[2017-03-05 12:46:21] 对于这种直接爽快的的要求，我生不出任何的反感：跟我走吧我知道一家米粉店离这不远。
[2017-03-05 12:46:21] 路上，我看着这略显稚嫩的脸，仔细打量起来，微卷的短发扎了一个马尾，稚嫩的脸，周身又没有孩子气的饰品，一身深色的呢子配一条红色格子围巾，有点···古里古怪！我好奇问：你多大了？我26周岁。
[2017-03-05 12:46:21] 桃子:我搞不清什么周岁虚岁，我97年的。
[2017-03-05 12:46:21] 我讶异地她的年纪同时补充道：我91的！
[2017-03-05 12:46:21] 听到我的回答，她满脸揶揄地问我：那老哥相了几年亲啊？
[2017-03-05 12:46:21] 我苦笑道：过年三年了。
[2017-03-05 12:46:21] 桃子立马追问：相了多少个？
[2017-03-05 12:46:21] 我想了一会儿，掩饰道：十几个吧，没数。
[2017-03-05 12:46:21] 米粉店出现打断了她接下来的追问，我问她：能吃辣吗？
[2017-03-05 12:46:21] 桃子：百无禁忌。
[2017-03-05 12:46:21] 不一会儿，两碗看上去就很辣的米粉端了上来，桃子问：为什么带我到这吃？
[2017-03-05 12:46:21] 我：我上中学那会儿，要从这过，早饭经常在这解决，顺便等同学。
[2017-03-05 12:46:21] 终究，百无禁忌的古里古怪被辣得直嘶气，剩半碗就没吃了。我到旁边超市拿了罐牛奶给他缓解下，说道：这么些年了还这么难吃。桃子：难吃你不也全吃了。···和这姑娘还在一起倒是不尴尬，却也不能当作“情人”那样对待，感觉~~~~~~~古里古怪！
[2017-03-05 12:46:21] ···············
[2017-03-05 12:46:21] 相亲还在继续，这一次红人是谁也记不清了，或许可以吧责任推脱到昨晚的酒精上。记不清红人，但是这妹子还是记得。我一般把我相亲对象叫做姑娘，叫小姐不礼貌，叫美女显得轻佻，这一次的相亲对象就叫他妹子吧！
[2017-03-05 12:46:21] 说不来开始就直接说过程吧，和妹子在公园的长椅上聊着天。
[2017-03-05 12:46:21] 妹子似乎和我一样是一个有点毒舌有点悲观的人。且因为她毒舌我没敢问她家庭，且因为她悲观我没敢问她职业。几乎一无所知的情况下相处也算有趣。感觉年龄相仿下我便问了她年龄。
[2017-03-05 12:46:21] 我：姑娘芳龄？
[2017-03-05 12:46:21] 妹子：26周岁，剩女一个。
[2017-03-05 12:46:21] 我：你这样就剩女了？！
[2017-03-05 12:46:21] 妹子：像一块石头顺着山坡滚下来，然后就到了今天。97的都出来相亲了，我同学基本都结婚了，大部分都当妈了。
[2017-03-05 12:46:21] 我：你定义了上限和下限，那么中间呢？
[2017-03-05 12:46:21] 妹子：不知道，肯定不是现在这个样子。
[2017-03-05 12:46:21] 我：别那么笃定。
[2017-03-05 12:46:21] 说完站起来向她伸出手，握了握手说着“春节快乐，很高兴认识你”。
[2017-03-05 12:46:21] ，有些吃痛似抽回了手的皱着眉回道：“春节快乐”
[2017-03-05 12:46:21] ··············
[2017-03-05 12:46:21] 假期快要结束了，傍晚，和母亲晚饭后散着步。路上母亲碰见了熟人，聊了起来，我努力降低我的存在感，中年妇女的话题离不开“儿子”。母亲指着我这个“不成器的”的儿子说:还是单身咯！看了两都没戏哦！  我捂住脸呻吟，居然有点怀念工作时的时光。
[2017-03-05 12:46:21] 年后的开心事还是有的，抢下了一张打折机票。打折的机票自然不是什么方便的时间，大哥早起开车送我去机场，换下登机牌后终于松了一口气，年总算过完了。拍了登机牌，发在朋友圈，宣布我的离开和回归！听着音乐候着机，有人拍了我的肩膀，回过头，是小听。
[2017-03-05 12:46:21] 我：好巧。
[2017-03-05 12:46:21] 小听：我看了朋友圈，发现你也在。
[2017-03-05 12:46:21] 我：吃了吗?
[2017-03-05 12:46:21] 小听：吃了，吃的米粉。
[2017-03-05 12:46:21] 我：你楼下那家？
[2017-03-05 12:46:21] 小听：嗯！
[2017-03-05 12:46:21] 我：还是那么难吃吗？
[2017-03-05 12:46:21] 小听：是啊！好难吃！
[2017-03-05 12:46:21] 
[2017-03-05 12:46:21] 
[2017-03-05 12:46:21] 
[2017-03-05 12:46:21] 
[2017-03-05 12:46:21] 
[2017-03-05 12:46:21] UP主： 游离
[2017-03-05 12:46:23] current url: http://www.acfun.cn/a/ac3520239
[2017-03-05 12:46:23] next article link size: 0
[2017-03-05 12:46:23] 文章标题： 至异地恋的人，我想知道你们是怎么想的？ - AcFun弹幕视频网 - 认真你就输啦 (・ω・)ノ- ( ゜- ゜)つロ
[2017-03-05 12:46:23] 文章内容： 
[2017-03-05 12:46:23] 有次听到室友和别人打电话抱怨前男友和她分手，只听她在大吼道：他凭什么和我分手？他一的和我在一起还能拿个北京户口，和我在一起就是赚到了，赚得再多也还有什么了不起的？在一旁听到对话的我瞠目结舌：既然她都已经瞧不起外地人了，那么她一开始为何不找个北京的对象呢？虽然明显是气话，但是其中的逻辑真是细思恐极啊。。
[2017-03-05 12:46:23] 
[2017-03-05 12:46:23] 
[2017-03-05 12:46:23] 虽然是说异地恋，但是其中几个例子不在我的讨论范围内：
[2017-03-05 12:46:23] 相爱多年，但是由于不可预测且不可抗拒的原因其中一方被调到远方出差一段时间，时间到了还能回来。
[2017-03-05 12:46:23] 两人都是土豪想住哪就住哪，机票随便买，异地恋一段时间后一方马上就能在任何一个地方买房子定居。
[2017-03-05 12:46:23] 
[2017-03-05 12:46:23] 好了，之所以我有这个疑问，就是从小到大接触的都是本地人，甚至从小学开始上学的地方都没有超过一公里，直到上了大学，离家也就20多km吧，每周住校但周末依然可以回家。因为这个学校招生的也大多都是本地人，所以直到实习之前，平时接触的都是一些和我差不多的孩子。
[2017-03-05 12:46:23] 
[2017-03-05 12:46:23] 直到实习了之后，认识了一些“北漂族”的同事，才发现了原来这个世界上还有这么一群人，他们需要为房租和生活费头疼，需要为未来担忧，除了过节以外很少能和家人团聚，和我这条咸鱼比起来，她们都是勇士哇!明明和我差不多大，却已经成熟的不行。
[2017-03-05 12:46:23] 
[2017-03-05 12:46:23] 所以，我真的很奇怪，平时逛文章区，我经常看到有的恋人因为异地的问题困扰，甚至吵架；有些人因为异地的原因追求不到自己的心上人。异地恋从古至今都是一对情侣能否最后走到一起的绊脚石。
[2017-03-05 12:46:23] 
[2017-03-05 12:46:23] 相聚需要买车票，需要花时间，她的地方下了雨，你只能打电话安慰她却不能给她递伞。你周末想要有个人陪你看电影吃吃喝喝，而她却在千里之外。如果说这都是小事，那么未来又如何？你们结婚需要安家，父母需要陪伴养老。你们住在那？女方住到男方那边？男方住到女方那边？。
[2017-03-05 12:46:23] 
[2017-03-05 12:46:23] 如果两家相隔的太远，习俗不一样也是个问题。北方的豪放，南方的内敛，也许你只是开玩笑，她却感到被冒犯。她觉得10万彩礼和亲戚家女儿比只是微乎其微，而你因为经济问题捉襟见肘和她吵起来。她用方言和家乡的母亲打电话，你一个字都听不懂。你最爱吃你们家乡的菜，她却尝都不敢尝。
[2017-03-05 12:46:23] 
[2017-03-05 12:46:23] 如果面临升学，或者面临毕业找工作，如果已经是一对恋人的，为什么要选择异地恋呢？我的意思是如果有一方提出想要去别的地区闯一闯，那么在我看来，那就是“”的意思啊!如果相爱的话一起商量一下在同一个地方学习，发展，真的很难吗？当然不排除一些地区确实太不发达了，但是有些人明明是不出本地，努力一下也能找到工作，即便待遇可能不如出去多点，但是为了多了那一点薪水抛弃自己的恋人，你们真的是爱着的吗？
[2017-03-05 12:46:23] 
[2017-03-05 12:46:23] 还有那种事业没稳定下来的，也就是那种根本不知道自己未来在哪里发展的，你们就不要谈恋爱祸害别人了好吗？大家都好忙的，你们谈恋爱之前都先好好规划一下自己的人生，找对象之前先问一下对方以后的规划，道不同不相为谋，既然未来选择的道路都不一样，何必屈就一方选择和自己理想背道而驰的人生？有些事情明明脱了裤子之前就应该考虑好的，为什么你们上了几千次床以后才明白过来？说到底如果是这样才选择了异地恋你们是不是已经腻了？
[2017-03-05 12:46:23] 
[2017-03-05 12:46:23] 网上还有很多“千里送b”的事情，我看了当然也很奇怪，既然都只是寂寞而已，方圆自己家十里之内就没有看得上自己的人了？干嘛掏那么多冤枉钱？
[2017-03-05 12:46:23] 
[2017-03-05 12:46:23] 这些都是最近浏览文章区而冒出的疑问，想一想 小时候你们吃过同样的美食，说着同样的家乡话，每个周末都能约出来一起玩耍，父母家住的不远以后都能碰个面，以后生了小孩自己没时间的时候不仅能给姥姥带几天，也能给奶奶带几天，周末就是你们的二人世界。你们的好朋友也基本上都住在附近，聚起来也不是问题。
[2017-03-05 12:46:23] 
[2017-03-05 12:46:23] 以上就是一条超级懒的咸鱼对于选择了异地恋的人们发自肺腑的疑问！当然也有修成正果的，你们都是勇士都是真爱，可以谈谈你们的经历，讲讲自己是怎么熬过去的。
[2017-03-05 12:46:23] 
[2017-03-05 12:46:23] 
[2017-03-05 12:46:23] 
[2017-03-05 12:46:23] 
[2017-03-05 12:46:23] 
[2017-03-05 12:46:23] 
[2017-03-05 12:46:23] 
[2017-03-05 12:46:23] 
[2017-03-05 12:46:23] xx
[2017-03-05 12:46:23]  
[2017-03-05 12:46:23] 1.
[2017-03-05 12:46:23] 2.
[2017-03-05 12:46:23]  
[2017-03-05 12:46:23]  
[2017-03-05 12:46:23] 
[2017-03-05 12:46:23] UP主： 闪光的沙奈朵
[2017-03-05 12:46:24] current url: http://www.acfun.cn/a/ac3520077
[2017-03-05 12:46:24] next article link size: 0
[2017-03-05 12:46:24] 文章标题： 我们能不能不分手~各位A站的过来人朋友帮帮我吧 - AcFun弹幕视频网 - 认真你就输啦 (・ω・)ノ- ( ゜- ゜)つロ
[2017-03-05 12:46:24] 文章内容： 
[2017-03-05 12:46:24] 本人91年帝都人，女友92年昆明人，我俩是在几年前的一个帖子里认识的，厚着脸皮要到了qq慢慢的熟络了，就qq和微信一直聊，俩人的兴趣爱好大体相同~~都喜欢宫崎骏的龙猫，夏目友人帐等等治愈的动漫，起初聊兴趣爱好~~慢慢的聊到了工作生活非常的合拍~~~感慨生活当中遇到的各种事~~分享生活的点点滴滴~~每天都打电话、视频总有说不完的话~~慢慢相互都有了好感~~~她对我表白了~~心里非常的激动~~~要上天了好吗~~幸福的日子就这么持续了1年半（此处省略了1万字）~~~这期间小打小闹吵过架~~但都被我主动沟通顺利解决了~~~过年之前请了1个星期的假（连续上了一个月的班没休息）坐飞机3个小时去了她所在的城市找她~~~本人比照片和视频中更好看~~意外的娇小~~于是开开心心的玩了一个星期~双方也都把第一次交了出去一起吃了米线~~泡了温泉~~看了海鸥满满的回忆~~本来想在她家过年的见见她父母聊聊以后，但她觉得时机不成熟我工资还没有过万还离她家那么远就没有让我去~~~我俩的事情她从没跟父母说过~~都是她妈妈偷偷的看她电话记录手机聊天记录和照片发现我的，于是对我有了误会觉得我是个坏人骗她女儿。。。。~~不愿意把女儿嫁到那么远的地方~~~哭着逼她跟我分手~~我女朋友说这几天崩溃了。。。现在这几天正跟我说分手呢。。。。。我也能理解她父母的想法可也不至于分手啊，什么事情都有解决的办法为什么非要这样呢，我觉得每一段感情的结局都是看双方如何处理的（太激动了没表达清楚）。
[2017-03-05 12:46:24] 
[2017-03-05 12:46:24] 她父母对她很失望跟她谈了好几天（她父母一直希望她找个当地的有钱人家嫁了，没有感情也无所谓只要有钱就行了，跟他们自身的经历有关）~~~这之前一直都是好好的~~~~直到上周5她就跟变了一个人一样~~我仿佛从天上掉在了地上（就像西红柿摔在了地上摔了个稀巴烂）。
[2017-03-05 12:46:24] 
[2017-03-05 12:46:24] 其实我早就想好了万一出现这种情况，提前跟父母商量好了（我妈是很支持我的努力追求自己的幸福），既然她不愿意把女儿嫁到这里那我就到昆明在市中心买房子（她说150万就可以买到市里的房子我表示没问题）在那找工作就行了，但被我女朋友拒绝了，因为我在那里人生地不熟的到她那里什么都没有要从头开始~~~她妈妈是不会看上我的，她说中国是人情社会她那里更是如此，我要没关系永远只能挣很少的钱，现在我在帝都刚开始干php月薪才8000，她在昆明地铁上班只有2000多的工资，她说我要到她那去只能挣到一半。。。。。没什么发展。。在我身上她不敢赌。。。万一我要是到她那失败了她就完了。。。。所以要跟我分手~~她妈妈和亲戚也是让她跟我分。。。。说跟我结婚会出现很多问题巴拉巴拉的，女朋友明显动摇了。。。。让我找帝都的姑娘忘了她吧这样对我对她都好。。。。我是初恋~~~~发生了那么多事怎么可能说忘就能忘呢~~我不愿意放弃又不是发生了什么不能解决的事~~~就好比我打dota无论多劣的局从没有放弃GG不拼一下怎么知道结果~~求各位过来的老司机帮我出出主意，你们在异地恋的时候遇到这种问题是怎么解决的帮帮我吧~我这些天天天半夜哭醒~~没有一天睡过好觉
[2017-03-05 12:46:24] 
[2017-03-05 12:46:24] 照这样不管的话发展下去女朋友肯定会听父母的话介绍她跟不爱的男生结婚然后过一辈子，女朋友表示到那时候只能听天由命了，这样的人生不是我想要的（她们当年就因为爱结婚，但生活的时候因为钱处处翻脸导致现在关系名存实亡所以认为只要有钱就好了感情可以后期培养）生活是残酷的，女朋友现在已经站到他父母那边了。
[2017-03-05 12:46:24] 
[2017-03-05 12:46:24] ps:文中只是大概写了点我怕写得太长没人愿意看~~~第一次投稿排版乱~~~大家都是acer帮帮我吧~~我不想失去她
[2017-03-05 12:46:24] 
[2017-03-05 12:46:24] UP主： 我们能不能不分手喵喵
[2017-03-05 12:46:25] current url: http://www.acfun.cn/a/ac3520042
[2017-03-05 12:46:25] next article link size: 0
[2017-03-05 12:46:25] 文章标题： 黄金饰品化验员这份工作怎么样 - AcFun弹幕视频网 - 认真你就输啦 (・ω・)ノ- ( ゜- ゜)つロ
[2017-03-05 12:46:25] 文章内容： 
[2017-03-05 12:46:25] 注册A站也就几个月了，其实几年前就在喜欢在A站玩了，只是最近才注册。
[2017-03-05 12:46:25] 我是16届的某某学院二本毕业，是被大学上了的那种，大学根本没有学到什么东西，毕业迷迷糊糊被某血汗工厂坑进去当储干，累死累活的两班倒，，单休一共干了三个多月，到手不到一万块，后来受不了就跑路了，第二份工作是被某化工企业骗去江西挖矿，第二天就跑回来了，继续在深圳找工作。
[2017-03-05 12:46:25] 在深圳也接到七八个面试，渐渐的也学会吹牛了，现在一份黄金首饰加工厂要我去当化验员，嗯，私企，工资三千，单休，每天8.9小时左右，包吃包住，我也知道这点工资在深圳太坑。
[2017-03-05 12:46:25] 朱军，众多A站基友有了解黄金化验员这份工作吗？
[2017-03-05 12:46:25] 
[2017-03-05 12:46:25] UP主： 十字眼睛
[2017-03-05 12:46:26] current url: http://www.acfun.cn/a/ac3520027
[2017-03-05 12:46:26] next article link size: 0
[2017-03-05 12:46:26] 文章标题： 想去上海做检验求点各位acer的看法 - AcFun弹幕视频网 - 认真你就输啦 (・ω・)ノ- ( ゜- ゜)つロ
[2017-03-05 12:46:26] 文章内容： 
[2017-03-05 12:46:26] 
[2017-03-05 12:46:26] 
[2017-03-05 12:46:26] 
[2017-03-05 12:46:26] 
[2017-03-05 12:46:26] 
[2017-03-05 12:46:26] 
[2017-03-05 12:46:26] 
[2017-03-05 12:46:26] 
[2017-03-05 12:46:26] 
[2017-03-05 12:46:26] 最近心态真的迷茫了，还有点害怕，猴子求过 。。
[2017-03-05 12:46:26] 95年生，卫校检验毕业的，女，出来工作也有4年了，在外面没什么朋友，只有老家有一些闺蜜，但是经常一年见一次想念她们。
[2017-03-05 12:46:26] 
[2017-03-05 12:46:26] 在阿卡林省会工作4年，在两个辣鸡医院做检验科，开始在一个私立医院，后来在一个公立医院，但是待遇不怎么样，想去上海发展。
[2017-03-05 12:46:26] 
[2017-03-05 12:46:26] 不知道上海的医院找检验士工作好找吗，检验士的证书前不久才拿到，检验师证件还要过三年才能考，而且考到还要等一年才能拿，我这种情况，找医院好找吗，会有医院要我吗。待遇大概会有多少，
[2017-03-05 12:46:26] 
[2017-03-05 12:46:26] 有没有在上海的检验科工作的能给点意见，害怕上海诺大一个城市，没有我的容身之处咋办
[2017-03-05 12:46:26] 
[2017-03-05 12:46:26] UP主： 等下再亲我啊丶
[2017-03-05 12:46:27] current url: http://www.acfun.cn/a/ac3520008
[2017-03-05 12:46:27] next article link size: 0
[2017-03-05 12:46:27] 文章标题： 某学渣考研求助 - AcFun弹幕视频网 - 认真你就输啦 (・ω・)ノ- ( ゜- ゜)つロ
[2017-03-05 12:46:27] 文章内容： 
[2017-03-05 12:46:27] 
[2017-03-05 12:46:27] 
[2017-03-05 12:46:27] 
[2017-03-05 12:46:27] 
[2017-03-05 12:46:27] 
[2017-03-05 12:46:27] 先自我介绍一下，魔都师范大学二本工科学渣一名，男，单身二十二年，今年大三，就不换ID了，反正没认识什么人上a站的。
[2017-03-05 12:46:27] 本来不太想考研的，但是家里要求的，考什么都行，于是我决定跨考历史，因为才决定的，所以还没开始复习，买的历史书今天快递刚到三年没学英语而且原来英语就超烂，高考才考了100/150
[2017-03-05 12:46:27] 所以现在的问题就是英语和历史了，毕竟高中念的文科，还没开始复习历史，哦对了，考的是313历史学基础，想考魔都别的好点的学校吧；然后，想问问学渣有没有什么好的
[2017-03-05 12:46:27] 预习
[2017-03-05 12:46:27] 复习英语的方法
[2017-03-05 12:46:27] 嗯，四级考了几次都没过，最高考了420。
[2017-03-05 12:46:27] 所以现在希望有魔都的历史研究生老司机带带我，传授经♂验感激不尽
[2017-03-05 12:46:27] 第一次投稿，求过！
[2017-03-05 12:46:27] 猴子吔我大蕉
[2017-03-05 12:46:27] 
[2017-03-05 12:46:27] UP主： 传说中的勇士
[2017-03-05 12:46:29] current url: http://www.acfun.cn/a/ac3520005
[2017-03-05 12:46:29] next article link size: 0
[2017-03-05 12:46:29] 文章标题： 我是不是犯了人生三大错觉之一 - AcFun弹幕视频网 - 认真你就输啦 (・ω・)ノ- ( ゜- ゜)つロ
[2017-03-05 12:46:29] 文章内容： 
[2017-03-05 12:46:29] 第一次投稿。感觉紧张地像个孩子一样
[2017-03-05 12:46:29] 先自我介绍，今年刚好本命年（中级魔法师？）身高165 体重50 惯例acer人均小帅。因为长得萌萌哒，所以经常被别人认为比实际年龄小5岁左右。其实是件特别苦恼的事，相过2次亲都被妹子说太小:)（其实是矮），恋爱史为0，因为工作上的不顺利想来这神奇的网站求助情感上的问题，还望各路dalao指点迷津。
[2017-03-05 12:46:29] 事情是这样的，我在一家图文店上班 ，去年8月份的时候来了个妹子刚毕业，老板说不招非平面设计专业或没有经验的，妹子刚好2点都占了。妹子说我来这想学点东西 工资可以不要 老板似乎找不到拒绝的理由就答应了。接下来就是正文了
[2017-03-05 12:46:29] 妹子坐我旁边，刚开始还是忙自己的事不怎么和她搭话，我又是属于闷骚型的，所以1个星期没怎么说过话。妹子每天也很无聊，就是我们给她单子，她负责打印，这种简单的事显然不是她来这里的目的。在一次开会聊到加班问题的时候，我说应该有个奖励机制 每个月根据打卡记录来选出一二三名进行奖励，这时候她出来说话了，说这样不合理，会在上班的时间降低效率，然后还容易恶性循环。这大概是我们第一次交流吧，我觉得她很有想法 不如跟我学设计吧。后来我就慢慢地教她软件 给她分一些简单的单子 再后来每天给她带早饭 她也常常给我带一些零食，后来就慢慢熟了。
[2017-03-05 12:46:29] 有一次老板把我一个人叫去， 大概意思是说我教她花费的时间太多了，公司交给我的任务没法按时完成，还说教会了也没用，说不定她什么时候说走就走了。我第一次觉得这公司老板的眼中只有利益，我答应了他，但并没有这么做。因为在我看来，人家来你这不拿你一分钱，还整天当免费劳力使用，凭啥。后来她就每天等我一起吃饭（我比较忙一点），教她东西的时候难免会有肢体接触，她也不拒绝，后来天气冷了还会帮她捂手，连做饭阿姨都觉得我俩在谈恋爱。每天下班也一起坐公交回家，有次吃烤肠只买了1根，她先咬了一口，然后非要让我咬一口，然后她再吃剩下的。还有次喝奶茶，点了2种不同口味的，她也是先尝了一口觉得很好喝，然后想让我也尝尝，发现上面有口红印，就拿纸擦了擦递给我，我当时就爱上她了好嘛。买完奶茶去看了《你的名字》，我怂得什么都没做。再后来因为另一个分店少人我就被调了过去，等我一个月后再回来的时候妹子已经不在这里了(>_<)
[2017-03-05 12:46:29] 后来妹子换了工作，不过内容差不多，我们还是像以往一样边工作边聊天，互相请教一些问题，帮助对方处理一些简单的事，找找素材扣扣图。妹子也会主动约我出来吃饭而且抢着买单，还跟我讲了她2个前男友的尬事，为了配合她我也讲了几个暗恋的故事情节，平时也是她说的话比较多，那么问题来了，她让我产生了人生3大错觉之一，我到底该不该吹响进攻的号角？
[2017-03-05 12:46:29] 对了，妹子目前也有男朋友，好像是异地，一个月见不了几次面，想请教诸君，我目前在妹子心中是什么位置，还有没有更进一步发展的可能？
[2017-03-05 12:46:29] 
[2017-03-05 12:46:29] 
[2017-03-05 12:46:29] UP主： 我的弟弟就是这么可爱
[2017-03-05 12:46:30] current url: http://www.acfun.cn/a/ac3519886
[2017-03-05 12:46:30] next article link size: 0
[2017-03-05 12:46:30] 文章标题： 学前端的同学们进来说会话 - AcFun弹幕视频网 - 认真你就输啦 (・ω・)ノ- ( ゜- ゜)つロ
[2017-03-05 12:46:30] 文章内容： 
[2017-03-05 12:46:30] 2月份智练排行榜是30W前端，现在是40W人了，前端的小伙伴们你们闲着找到工作了么，反正我是放弃了，好苦逼啊。
[2017-03-05 12:46:30] 1、3年及以上手机或者PC前端开发经验，熟悉各种Web前端技术html5、JavaScript(es5、es6)、JSON、Ajax、Node.js等；
[2017-03-05 12:46:30] 2、熟练运用浏览器兼容技术进行前端性能优化设计；
[2017-03-05 12:46:30] 3、熟练使用HTML5新特性开发项目以及基于HTML5的微信场景开发；
[2017-03-05 12:46:30] 4、熟悉掌握基于HTML5的webApp开发以及各种手机移动端适配，熟悉ECMA标准，熟练掌握DOM、BOM操作，熟悉闭包原理，熟悉面向对象JS编程，理解原型链的继承机制；
[2017-03-05 12:46:30] 5、熟练AJAX/JSON，熟悉正则表达式、JS面向对象，JSONP跨域请求；
[2017-03-05 12:46:30] 6、熟悉使用Zepto、iScroll、BootStrap、sea.js、vue.js了解react.js,angular.js以及MVC&MVVM设计模式与模块化开发流程；
[2017-03-05 12:46:30] 7、熟悉gulp、webpack、babel等编译工具；
[2017-03-05 12:46:30] 8、英文读写能力良好优先。
[2017-03-05 12:46:30] 9、全日制本科学历，计算机相关专业。
[2017-03-05 12:46:30] 看到这些条件，我明白了为何我找不到工作。
[2017-03-05 12:46:30] 
[2017-03-05 12:46:30] UP主： 没错我是喜欢基佬
[2017-03-05 12:46:31] current url: http://www.acfun.cn/a/ac3519847
[2017-03-05 12:46:31] next article link size: 0
[2017-03-05 12:46:31] 文章标题： 初次相亲 尬聊晚期三天聊爆两个妹子 - AcFun弹幕视频网 - 认真你就输啦 (・ω・)ノ- ( ゜- ゜)つロ
[2017-03-05 12:46:31] 文章内容： 
[2017-03-05 12:46:31] 处女投  希望能过
[2017-03-05 12:46:31] 
[2017-03-05 12:46:31]  
[2017-03-05 12:46:31] 
[2017-03-05 12:46:31] UP是89年小月生人 再过半年就28级魔法师了 （大概就是连女孩子手都没牵过的水平）
[2017-03-05 12:46:31] 身高179 长相有图 坐标苏州
[2017-03-05 12:46:31]  
[2017-03-05 12:46:31] 
[2017-03-05 12:46:31] 
[2017-03-05 12:46:31] 
[2017-03-05 12:46:31] 1、初中喜欢同班一个妹子 03年表白失败 一根筋的吊着 初中毕业本想放弃 阴差阳错又联系上了 前前后后拖了10年 2013年10月的时候正式放弃这段错的不能再错的一厢情愿
[2017-03-05 12:46:31] 2、16年底追一个外地的同事妹子 依然未果（详细的之前有在某些文下评论里发过 有些情感区老铁可能看过）
[2017-03-05 12:46:31]  
[2017-03-05 12:46:31]  
[2017-03-05 12:46:31]  
[2017-03-05 12:46:31] 
[2017-03-05 12:46:31] 
[2017-03-05 12:46:31]  
[2017-03-05 12:46:31] 于是故事就发生在前些日子
[2017-03-05 12:46:31] 
[2017-03-05 12:46:31]  
[2017-03-05 12:46:31] 
[2017-03-05 12:46:31] 这是我这辈子第一个相亲的妹子 通过一个媒人介绍的 媒人和我妈是同事 又和妹子的父母比较熟
[2017-03-05 12:46:31] 妹子是90年的 问过以后应该是和我一个年头毕业的 估计是大月生人 年纪很近
[2017-03-05 12:46:31] 妹子父母是开店的 夫妻老婆店开了估计有十多二十年了 就在我妈退休前工作的店的对面
[2017-03-05 12:46:31] 所以 媒人就很自然介绍过来了
[2017-03-05 12:46:31] 妹子父母坚决想要妹子找个本地男孩  所以媒人介绍的时候貌似她父母挺接受的
[2017-03-05 12:46:31]  
[2017-03-05 12:46:31] 
[2017-03-05 12:46:31] 一开始就互发照片  大概就是上面的照片 我妈发给介绍人
[2017-03-05 12:46:31] 介绍人发妹子的照片给我妈  我看了以后觉得妹子很漂亮 就很愉快的叫媒人阿姨赶紧的
[2017-03-05 12:46:31] 于是妹子把手机号给了过来 我就加了微信
[2017-03-05 12:46:31]  
[2017-03-05 12:46:31] 加了微信 第一次相亲 根本不知道该怎么办 说啥都不知道了（而且现在微信好友也删了 聊天记录我只能尽量回忆）
[2017-03-05 12:46:31]  
[2017-03-05 12:46:31] 开场白是：在下XX 请问姑娘芳名
[2017-03-05 12:46:31] 妹子回道：你好 YY
[2017-03-05 12:46:31] 然后我想不知道说什么 但至少是男人嘛  得主动些 
[2017-03-05 12:46:31] 而且我既然在感情上一根筋耿直了 也没必要改变什么 就老老实实聊天
[2017-03-05 12:46:31] 人家喜欢就喜欢了 不喜欢也没办法  抱着这样的心态
[2017-03-05 12:46:31] 就硬着头皮问了些工作啊 学习方面的事情
[2017-03-05 12:46:31] （噗 现在想想真是最无聊的话题了）
[2017-03-05 12:46:31] 之后妹子就托辞洗头去了
[2017-03-05 12:46:31]  
[2017-03-05 12:46:31] 那天晚上就逛了逛妹子的朋友圈 发现以下几点
[2017-03-05 12:46:31] 1、妹子的朋友圈发的很少 和一般到处吃喝玩乐的妹子各种晒照的不同
[2017-03-05 12:46:31] 2、妹子晒过书架  书架上的书基本有两种：第一种是 侦探推理   第二种是山本文绪的书 比如《三十一岁又怎么样》 让我感觉妹子会是个很独立的人
[2017-03-05 12:46:31] 3、妹子学生时代的照片好清纯 就长相说女神感觉不过分（妹子一开始给我的照片我就觉得漂亮 没有太多感觉 但是朋友圈的学生时代的照片真的打动我了）
[2017-03-05 12:46:31]  
[2017-03-05 12:46:31] 之后中午和妹子聊过 妹子做货代的
[2017-03-05 12:46:31] 貌似上班比较忙 经常加班
[2017-03-05 12:46:31] 我就想反正我晚上也有事情 就晚点找妹子聊聊
[2017-03-05 12:46:31]  
[2017-03-05 12:46:31] 就记得妹子的话很少
[2017-03-05 12:46:31] 打过妹子电话 没接
[2017-03-05 12:46:31] 之后说不方便 还是聊微信
[2017-03-05 12:46:31] 所记得她主动问我的问题1：问我家里人有没有给我介绍很多
[2017-03-05 12:46:31] 我表示之前因为有心结 而且反感相亲 所以你这是第一个
[2017-03-05 12:46:31] 妹子问我怎么突然打开心结了
[2017-03-05 12:46:31] 我表示并非突然 也是经过了几年的消沉 才走出来
[2017-03-05 12:46:31]  
[2017-03-05 12:46:31] 妹子问我的关键问题2：你对女孩有什么要求么
[2017-03-05 12:46:31] 这个问题我感觉很难回答  于是就说 除了身体健康 至少我看的过眼 为人正经 尊敬长辈 这种很基本的要求外 貌似其他没有具体想过
[2017-03-05 12:46:31] 妹子表示我回答的太宽泛  还是不知道我有什么要求
[2017-03-05 12:46:31] 于是我反问妹子的要求
[2017-03-05 12:46:31] 问道：是不是你父母一定要你找个本地的
[2017-03-05 12:46:31] 妹子表示这点会听父母的 但是其他的都是她自己决定
[2017-03-05 12:46:31] 我问她的具体要求
[2017-03-05 12:46:31] 回答并不比我具体：各方面要比她优秀 或者差不多
[2017-03-05 12:46:31] 感觉这回答让我压力好大 之后妹子说要去看书就没回我了
[2017-03-05 12:46:31]  
[2017-03-05 12:46:31] 然后我想了想 结合后来了解的一些情况 觉得
[2017-03-05 12:46:31] 1、妹子兴致不大  回我消息很慢 也不想多聊
[2017-03-05 12:46:31] 2、之前推测妹子可能比较独立（说实话这个年纪了 估计没结婚的妹子都挺独立的） 加上妹子的要求是各方面都比她优秀 我自认为是不够格优秀这个形容词
[2017-03-05 12:46:31] 3、对话结束后 我觉得 可能妹子的性格不是我想要的 如果说要求的话  我可能还是想找个小女人 不要太独立的 女强人估计没有男人会喜欢
[2017-03-05 12:46:31] 4、根据媒人介绍说 妹子平时是话不多 而且因为她从小父母就开店比较忙 小时候就让他人带的 自然而然和父母话也很少
[2017-03-05 12:46:31] 5、媒人说 之前介绍给妹子一个外地硕士毕业的 而且在苏州也买了房  貌似妹子挺接受了 但妹子父母坚决反对  所以事情就黄了 然后就是我了    所以我可能正好撞枪头上  而且就个人能力来说我这个专升本的 肯定没法说比人家硕士生优秀 而且自己消沉过两年耽误过自己
[2017-03-05 12:46:31] 6、因为我放弃追了10年的妹子的时候消沉了很久 那会和父母都关系不好 而且据媒人所说的话   推测可能妹子和她父母直接的矛盾会更明显 所以是否时机并不合适（但是我觉得如果推测准确 或许算是有相似经历）
[2017-03-05 12:46:31] 7、UP知道自己是个想法很多的人  而且以前想法多但是什么都不说 导致一些事情很后悔  所以现在决定想到什么说什么 至少不会后悔没说
[2017-03-05 12:46:31]  
[2017-03-05 12:46:31] 于是想通后 也没管妹子在不在 就把我的大致情况（比如觉得自己不够优秀 消沉过 现在戒了游戏 喜欢游泳 工作一般 收入不如蛆 有房有车   近几年考了什么  准备考什么 表现的有些上进心 不抽烟不嗜酒不赌博什么的之类的说了一大堆）
[2017-03-05 12:46:31] 然后表示无论妹子觉得我好不好想要约出来见一面  因为感觉隔空尬聊确实不是那么回事 UP是那种当面比较能说的类型 而且出来见面后也算正式认识下
[2017-03-05 12:46:31] 最后希望妹子给我明确的答复 是否愿意出来
[2017-03-05 12:46:31]  
[2017-03-05 12:46:31] 妹子一整天没回
[2017-03-05 12:46:31]  
[2017-03-05 12:46:31] 隔天媒人阿姨问了下我这边的情况  我表示妹子比较冷淡 估计对我兴趣不大  而且妹子可能比较独立 要求会比较高
[2017-03-05 12:46:31] 媒人阿姨比较热心 说帮我去问问她父母什么想法 让我先等等
[2017-03-05 12:46:31] 我想也好
[2017-03-05 12:46:31] &hellip;&hellip;但是我想了半天 又觉得不好  既然微信都加好了 两个人之间的事情自己解决就够了 我也不想媒人父母介入太多   而且既然估计了妹子和父母之间可能有矛盾 这样反而会弄巧成拙
[2017-03-05 12:46:31] 于是那天晚上UP又逼了一步  直接了当
[2017-03-05 12:46:31] 对妹子说 我感觉她可能兴致不大 无论她对我如何感觉的 还想让她给我个答复 是否出来见一面
[2017-03-05 12:46:31] 过了半个小时  妹子回复了：还是不要出来见了吧
[2017-03-05 12:46:31]  
[2017-03-05 12:46:31] 整个聊天记录我比较记得清原话的就是 开场白和妹子最后这一句了
[2017-03-05 12:46:31]  
[2017-03-05 12:46:31] 我祝福妹子早日找到心里人后  就拜拜了
[2017-03-05 12:46:31]  
[2017-03-05 12:46:31] 然后第二天一大早给媒人阿姨去联系了  说妹子已经拒绝我了 没必要去问她父母了
[2017-03-05 12:46:31]  
[2017-03-05 12:46:31] 
[2017-03-05 12:46:31]  
[2017-03-05 12:46:31] 但是媒人最终还是去问她父母了
[2017-03-05 12:46:31]  
[2017-03-05 12:46:31] 据媒人说  她父母对我还是挺满意的  毕竟媒人两家情况都有了解
[2017-03-05 12:46:31] 加上这个年纪的妹子父母是挺着急的了 表示除了想找个本地的 其实他们没什么太多要求 但是不知道女儿有什么要求
[2017-03-05 12:46:31] 而且平时和女儿交流不多  就今天回去问问女儿是什么想法
[2017-03-05 12:46:31]  
[2017-03-05 12:46:31] 然后又据说 她父母回去和女儿聊的并不愉快
[2017-03-05 12:46:31] 她父母觉得我挺好 问女儿为什么不肯出来见一面
[2017-03-05 12:46:31] 而且拿着我的照片说这小伙子不是挺好（UP自己也觉得挺好）
[2017-03-05 12:46:31]  
[2017-03-05 12:46:31] 妹子给的理由我也是服了 不仅我服了 媒人和我妈 还有乡邻听说的时候都笑喷了
[2017-03-05 12:46:31] 原来妹子也早就翻了我的朋友圈
[2017-03-05 12:46:31] 还挖了我的黑历史 2013年我刚开始玩微信的时候发的头几条朋友圈照片
[2017-03-05 12:46:31] 2013年刚放弃10年的妹子 比较消沉 开始锻炼和游泳 那会发神经发了两张半裸的照片在朋友圈
[2017-03-05 12:46:31] 尺度大概比头像还少点衣裤
[2017-03-05 12:46:31] 妹子拿着这个黑历史的照片对着父母说就不喜欢我这样的
[2017-03-05 12:46:31] 在我看来是纯接口罢了 但是我还是立马把黑历史删了
[2017-03-05 12:46:31] 媒人后来还找他父母澄清介绍的小伙子是正经人  是个正儿八经的纯种ACer
[2017-03-05 12:46:31] 妹子父母表示 他们其实都觉得这黑历史照片无所谓 也不是我故意发给妹子的 是妹子自己挖出来的
[2017-03-05 12:46:31] 也说服不了妹子 差点吵起来
[2017-03-05 12:46:31]  
[2017-03-05 12:46:31] 我后来想要不要给妹子道个歉澄清下不是我想让媒人去找她父母
[2017-03-05 12:46:31] 我这么快想问清妹子的想法就是不想让媒人和父母介入太多
[2017-03-05 12:46:31] 那天问了妹子：在吗
[2017-03-05 12:46:31] 妹子自然没回
[2017-03-05 12:46:31] 然后第二天我发现妹子删我好友了
[2017-03-05 12:46:31] 我想想就算了 不要打扰妹子了  也就删了
[2017-03-05 12:46:31] 故事就结束了
[2017-03-05 12:46:31]  
[2017-03-05 12:46:31] 
[2017-03-05 12:46:31] 
[2017-03-05 12:46:31] 
[2017-03-05 12:46:31] 
[2017-03-05 12:46:31] 
[2017-03-05 12:46:31] 
[2017-03-05 12:46:31]  
[2017-03-05 12:46:31] 是不是找妹子聊天就应该来点套路  不该太实诚  抢的太快也不好
[2017-03-05 12:46:31] 我总结就是妹子可能想法上有些问题  而我能力又不足 没能够让第一个妹子给我机会深入聊聊
[2017-03-05 12:46:31] 相亲该如何发展 真是难住我了
[2017-03-05 12:46:31] 毕竟UP单身这么多年了 对感情还是有渴望的 希望多改进点 计划至少今年能骗到一个妹子
[2017-03-05 12:46:31]  
[2017-03-05 12:46:31] 还有就是 第一个妹子的微信虽然删了  但是毕竟人家最早是给我手机号的
[2017-03-05 12:46:31] 如果还想联系她  该如何开口  打电话 发消息 重新加微信  让媒人再去问问？
[2017-03-05 12:46:31]  
[2017-03-05 12:46:31] 如果今年能脱团  一定来还愿
[2017-03-05 12:46:31] 混AC也有些年头了 文章区以前基本不看     最近连续遇到感情上的问题在文章区也看了很多 也有回复 总想自己发个贴 于是现在来了
[2017-03-05 12:46:31] UP以往一直反感相亲  感觉太现实  但是无奈交际圈子很有限  以前也一根筋错过了很多妹子
[2017-03-05 12:46:31] 现在追悔莫及 就在前些日子 想通了还是尝试相亲看看 至少能很快认识到更多妹子
[2017-03-05 12:46:31] 我妈这么多年也一直为我担心 一看儿子想通了 就立马把手头上早就准备好的资源介绍来了
[2017-03-05 12:46:31] 第二个妹子其实都不用多说
[2017-03-05 12:46:31] 93年妹子 其父亲和我妈是同事
[2017-03-05 12:46:31] 加了好友 妹子也没这意思 感觉也是他爸自己干着急
[2017-03-05 12:46:31] 同样的开场白
[2017-03-05 12:46:31] 也没聊什么 妹子第二天和我说没眼缘 也算爽快（至少比前面的妹子好说话多了&hellip;&hellip;）
[2017-03-05 12:46:31] 互相祝福后就拜拜了
[2017-03-05 12:46:31] 
[2017-03-05 12:46:31] UP主： 殯葬一條龍
[2017-03-05 12:46:32] current url: http://www.acfun.cn/a/ac3519760
[2017-03-05 12:46:32] next article link size: 0
[2017-03-05 12:46:32] 文章标题： 应届生工作的事情 - AcFun弹幕视频网 - 认真你就输啦 (・ω・)ノ- ( ゜- ゜)つロ
[2017-03-05 12:46:32] 文章内容： 
[2017-03-05 12:46:32] 今年从河北师大毕业了，学的是环境科学，家在保定的村里，有一套房子在市里。属于学校资环学院下面的非师范类专业，考研没有考上，最近在找工作，面试的都是学校。第一个是衡水冀州中学，和家里商量一下觉得远没有签三方，现在衡水一个新建的私立高中又通过了面试，说可以直接签合同，但是学校三月还有一个招聘会，不知道该不该再等等了，因为这是最后一波机会了。挺麻烦的，希望大家能给点意见。教师资格证拿的是高中地理的 ，所以去学校就是地理，谢谢猴子了，希望能过，第一次投稿
[2017-03-05 12:46:32] 
[2017-03-05 12:46:32] UP主： 郑小小吒
[2017-03-05 12:46:34] current url: http://www.acfun.cn/a/ac3519111
[2017-03-05 12:46:34] next article link size: 0
[2017-03-05 12:46:34] 文章标题： 女友发你这些话我该怎么回 - AcFun弹幕视频网 - 认真你就输啦 (・ω・)ノ- ( ゜- ゜)つロ
[2017-03-05 12:46:34] 文章内容： 
[2017-03-05 12:46:34] 事情是这样的，昨天我试探问下我女友，对结婚想法，对她说我爸妈准备把我房子装修下，为结婚做准备，她反映挺大的，说让他们等着，然后就下线睡觉了。我就发了些，我爸身体不好啊，盼着我结婚啊，我唐突了啊，不该和她说这些的话，要学车要考试没有时间陪她之类的话。然后今天她回了这些
[2017-03-05 12:46:34] 我现在不知道怎么回复她，各位ACER教教我啊，
[2017-03-05 12:46:34] 
[2017-03-05 12:46:34] UP主： 些许无奈
[2017-03-05 12:46:35] current url: http://www.acfun.cn/a/ac3517438
[2017-03-05 12:46:35] next article link size: 0
[2017-03-05 12:46:35] 文章标题： 24岁又没文凭的我对以后的生活感到恐惧 - AcFun弹幕视频网 - 认真你就输啦 (・ω・)ノ- ( ゜- ゜)つロ
[2017-03-05 12:46:35] 文章内容： 
[2017-03-05 12:46:35]   老铁我今年本命年已经24，颜值平均小胖吧，身高还行183，家在商丘，小地方。之前我发了个贴说了一下我的情况，总体就是中专毕业，干了将近7年的电脑维修（打工3年开店3年），没有其他本领
[2017-03-05 12:46:35] 
[2017-03-05 12:46:35] 家庭条件嘛没钱没后门。父母都是下岗工人还是个企没什么福利可言所以我才早早下学补贴家用了。Ps人和人之间的差距真大啊
[2017-03-05 12:46:35] 
[2017-03-05 12:46:35] 如今IT硬件行业也是都知道的大！暴！死！     因此我也顺理成章的关门大吉了这几年累积下来的经验大概有  电脑维修 监控安装 为人处事心智成熟 这些吧。以前以为上学不如学本事，没想到啊没想到。
[2017-03-05 12:46:35] 
[2017-03-05 12:46:35] 
[2017-03-05 12:46:35] 
[2017-03-05 12:46:35] 接下来是迷茫的地方了，老铁我已经24了，还是一事无成宛如辣鸡。朋友也少（穷人哪来的壕友？）本来是想跟人去学修个手机啥的手艺，但是好多天了都没消息，估计GG了没个师傅指路很难学，事倍功半。也想过去修个电动车啥的，我这5线小城电动车保有量超大的就是活脏不体面。然而也没找到老司机带路。
[2017-03-05 12:46:35] 
[2017-03-05 12:46:35] 我把我的处境跟外地一个朋友说了，他说你学啥修，出去闯闯就知道干啥了。我现在真的就想无头苍蝇各种乱撞。
[2017-03-05 12:46:35] 今个跟老妈说这个事被骂一顿，说我这没啥本事的出去只能进工厂打个工要么进传销死大街上（我在我妈眼里就这么智障吗……怕不是亲生的）就是说在外过的不好不学个手艺开个修理店在本地发展求稳。
[2017-03-05 12:46:35] 
[2017-03-05 12:46:35] 
[2017-03-05 12:46:35] 因为老妈在工厂干了大半辈子落下一身毛病，所以我不让她接着干了，反正都是私企，那是我还在开店时。
[2017-03-05 12:46:35] 
[2017-03-05 12:46:35] 
[2017-03-05 12:46:35] 
[2017-03-05 12:46:35] 
[2017-03-05 12:46:35] 我好迷啊，我这人优点没啥就一个没有女朋友（也不打算找，孤独终老，稳得一逼！）。缺点啊就是缺乏安全感，我对前途不明时无比害怕。想干个什么考虑的非常久远。
[2017-03-05 12:46:35] 
[2017-03-05 12:46:35] 宏基们有什么好的意见吗。是出去闯闯吗还是留在家里学个手艺开个维修小店。我个人是想干一个有点前途的事业，因为我虽然不打算结婚但是我想好好赡养我的父母让他们下半辈子轻松点。
[2017-03-05 12:46:35] 我这个人比较专一，如果要干什么就干到底那种除非暴死
[2017-03-05 12:46:35] 所以，有什么可持续发展的道路可走吗去哪些城市 做点什么？
[2017-03-05 12:46:35] 
[2017-03-05 12:46:35] ps我因为自己的毕业水平太低，所以就怕出去还是进工厂打死工……
[2017-03-05 12:46:35] 老爹换了一个又一个工厂一直没歇，按他的话就是他养自己我养老妈。如今我落个这下场……
[2017-03-05 12:46:35] 
[2017-03-05 12:46:35] 
[2017-03-05 12:46:35] 
[2017-03-05 12:46:35] 
[2017-03-05 12:46:35] UP主： 艾曲缇希
[2017-03-05 12:46:36] current url: http://www.acfun.cn/a/ac3515089
[2017-03-05 12:46:36] next article link size: 0
[2017-03-05 12:46:36] 文章标题： 大学休学回来是一种怎样的体验。 - AcFun弹幕视频网 - 认真你就输啦 (・ω・)ノ- ( ゜- ゜)つロ
[2017-03-05 12:46:36] 文章内容： 
[2017-03-05 12:46:36]    学校待得不开心，就休了一年，顺便工作了一年。工作是在暑期的时候谈好的哈哈。
[2017-03-05 12:46:36]   今年二月开学重返校园，和大家聊聊休学回来以后是怎么样的生活。
[2017-03-05 12:46:36]  
[2017-03-05 12:46:36]   一：找辅导员办一下返校手续，大概交了几个部门。然后挂名下一届。PS：UP13级，现在挂名14级班上。
[2017-03-05 12:46:36]   二：还是以前的寝室，以前的室友还有半年毕业，一个去了北京工作，另一个也出去工作了。就UP和剩下的室友两人住。他也在一边住一边投简历找工作，不知道还能一起住多久。
[2017-03-05 12:46:36]   三：去管理课程的老师哪问了，还剩下十几科要修。这学期修八门，一共要和四个班一起上课。虽然有点蒙蔽，不过想想还挺有意思。以前没过的该补考补考，该重修重修。
[2017-03-05 12:46:36]   
[2017-03-05 12:46:36]   感觉还是比较清闲的，不过不好的就是基本没什么交朋友的机会，略显孤独。有没有想聊聊的啊，欢迎私信哈哈。
[2017-03-05 12:46:36]   
[2017-03-05 12:46:36] 
[2017-03-05 12:46:36] UP主： 紫紫何金银QAQ
[2017-03-05 12:46:37] current url: http://www.acfun.cn/a/ac3514652
[2017-03-05 12:46:37] next article link size: 0
[2017-03-05 12:46:37] 文章标题： 从今以后就真剩下自己了 - AcFun弹幕视频网 - 认真你就输啦 (・ω・)ノ- ( ゜- ゜)つロ
[2017-03-05 12:46:37] 文章内容： 
[2017-03-05 12:46:37] 我20岁时候，母亲病死。最初由于帮着白事，没什么感觉。后期静下来就总想妈妈。感觉心里空空的，觉得自己不孝，很后悔，悲痛到窒息。
[2017-03-05 12:46:37] 今年刚过完30岁生日，今天父亲病死。现在忙着处理父亲白事。。。母亲走的时候，父亲等一堆亲戚帮着张罗。今天父亲走，我连亲戚都联系不上，穿衣抬棺我都是花钱现雇佣的殡仪馆人员，突然发现自己真正成了孤独一人。
[2017-03-05 12:46:37] 作为一个ACER未婚我其实没觉得有啥，之前只有一个念头就是照顾我爸，曾有女方觉得父亲是个累赘，这种女的我就是理都不想理。这就是我以前的想法，那时候我觉得我很孝顺。我曾觉得我能照顾父亲很久，但现在想想我根本不够孝顺，父亲在我身边病却越来越重。发现问题我也没有及时做出应对。所以才有今天。。。
[2017-03-05 12:46:37] 也许我活该孤独，因为我是个自私自利的人
[2017-03-05 12:46:37] 
[2017-03-05 12:46:37] UP主： 没什么不对
[2017-03-05 12:46:39] current url: http://www.acfun.cn/a/ac3513727
[2017-03-05 12:46:39] next article link size: 0
[2017-03-05 12:46:39] 文章标题： 失控的冷暴力 - AcFun弹幕视频网 - 认真你就输啦 (・ω・)ノ- ( ゜- ゜)つロ
[2017-03-05 12:46:39] 文章内容： 
[2017-03-05 12:46:39] 
[2017-03-05 12:46:39] 
[2017-03-05 12:46:39] 
[2017-03-05 12:46:39] 
[2017-03-05 12:46:39] 
[2017-03-05 12:46:39] 
[2017-03-05 12:46:39] 
[2017-03-05 12:46:39] 
[2017-03-05 12:46:39] 
[2017-03-05 12:46:39] 
[2017-03-05 12:46:39] 
[2017-03-05 12:46:39] UP主： cahoo
[2017-03-05 12:46:40] current url: http://www.acfun.cn/a/ac3512334
[2017-03-05 12:46:40] next article link size: 0
[2017-03-05 12:46:40] 文章标题： 收到了中建二局三公司的offer，十分纠结，求点拨 - AcFun弹幕视频网 - 认真你就输啦 (・ω・)ノ- ( ゜- ゜)つロ
[2017-03-05 12:46:40] 文章内容： 
[2017-03-05 12:46:40] 首先说明，我是天津某985大学本科应届生，专业是行政管理。家里是湖北。 
[2017-03-05 12:46:40]        秋招浑浑噩噩的过去，导致自己没有拿到一个offer，心里也是很着急。直接进入正题吧，今天中建二局三公司来学校宣讲，我就去听了一下然后投了简历，宣讲完之后，他们筛了一下简历，叫到了我就去面试。面试过程十分轻松，问了些基本的问题，学生工作啊实习经历什么的，问了一些之后就跟我说：我看你也做过人力，就不跟你来虚的了，二三面就不搞了，直说吧，我想要你。（当时听了这句话我都惊了） 然后待遇是这样的，二局三公司所有的总部和分公司让我挑，北京，华南，武汉什么的，解决户口。岗位应该就是人力行政的岗位，工资是这样，第一年见习到手四千，转正五千多。以后发展什么的，说了一通，估计也在画饼还是看自己。新入职呢，应该是会分配到项目上去锻炼，说是很快就会调回来，这个也不得而知。
[2017-03-05 12:46:40]         最后，我的纠结点就是在首先工资的确不是很高，但是可以接受，怕就是他有水分，上网查了一下，关于待遇好像负面消息挺多，而且要去工地上，虽然我应该是坐在办公室；第二，我希望能够去武汉分公司去，因为家里是湖北的，但是北京也给户口也
[2017-03-05 12:46:40] 
[2017-03-05 12:46:40] 很吸引人，虽然就是个集体户口。
[2017-03-05 12:46:40] 第三，秋招过去那么久，看着身边的同学都签了很多大私企，工资待遇都很高，自己要是签了这个会有不甘心的感觉，但是不签呢又害怕之后的机会不多了。
[2017-03-05 12:46:40]         所以有没有中建的基佬，尤其是二局的基佬给我讲讲究竟待遇怎么样，有没有前途这样
[2017-03-05 12:46:40] 
[2017-03-05 12:46:40] UP主： 青青青山
[2017-03-05 12:46:41] current url: http://www.acfun.cn/a/ac3512096
[2017-03-05 12:46:41] next article link size: 0
[2017-03-05 12:46:41] 文章标题： 工资降5000你的心理能承受吗 - AcFun弹幕视频网 - 认真你就输啦 (・ω・)ノ- ( ゜- ゜)つロ
[2017-03-05 12:46:41] 文章内容： 
[2017-03-05 12:46:41] 本人去年大学毕业，惯例a站平均小帅，毕业后在魔都找了一份薪资7000多的情感垃圾箱的工作
[2017-03-05 12:46:41] 但是后来由于每天负能量爆棚，每天早上很早就醒了，一想到上班就抑郁又瘫在床上，再加上一直漂泊在外，就在年前辞职不干了
[2017-03-05 12:46:41] 后来在家里找了好久的工作，发现什么也不会，真的是蛋疼，就在网上自学了很多营销的知识
[2017-03-05 12:46:41] 最近投到几份简历有了回复，但是发现工资真的是一直在压迫我的心理防线，从最开始觉得找个5000的工作。到后来慢慢降低到4000，最近这几份有回复的工作更是低到连以前工资一半都不到，试用期工资更是比以前工资少了5000。╮(╯▽╰)╭真的是悲伤辣么大，但是又不想一直待在家被父母嫌弃
[2017-03-05 12:46:41] 话说我家在的城市也号称在2线城市里首屈一指，要向一线城市发展，起初我还有心理准备，和北上广深经济水平比不了，但是万万没想到已经到惨不忍睹的地步了真的是扎心啊，各位老铁们，这工资和4,5线城市差不多了吧
[2017-03-05 12:46:41] 各位兄弟姐妹们，我要不要选择这份工作呢，真的是纠结，多多指导一点建议吧
[2017-03-05 12:46:41] 
[2017-03-05 12:46:41] 
[2017-03-05 12:46:41] 
[2017-03-05 12:46:41] 
[2017-03-05 12:46:41] UP主： 懒懒懒洋洋
[2017-03-05 12:46:43] current url: http://www.acfun.cn/a/ac3511400
[2017-03-05 12:46:43] next article link size: 0
[2017-03-05 12:46:43] 文章标题： 新媒体运营的出路在哪里？8个月后我放弃了... - AcFun弹幕视频网 - 认真你就输啦 (・ω・)ノ- ( ゜- ゜)つロ
[2017-03-05 12:46:43] 文章内容： 
[2017-03-05 12:46:43] 总字数：约2300字
[2017-03-05 12:46:43] 平均需要9分30秒的阅读时间，快读只需7分30秒。
[2017-03-05 12:46:43] 朱军，最近辞职后一直在思考自己到底适合什么样的工作，然而社会经验太少，实在想不出个所以然来。不想贸然投简历，于是前来发帖求助各位老铁！恳请各位大佬能给我些许建议，日♂后若找工作顺利，将在评论抽1位老铁共享我的1个月
[2017-03-05 12:46:43] 
[2017-03-05 12:46:43] 第一次投稿，有点小紧张。
[2017-03-05 12:46:43] 本人93年生，16年毕业，残疾身高，颜值大幅落后AC平均水平，某211外语专业，垃圾成绩不提也罢（并且也丝毫无从事外语相关工作的愿望）。故乡福建沿海农村，然后近几年家庭情况不是很好，日子虽然尚可度过，但家徒四壁，压力重重。
[2017-03-05 12:46:43] 此处提供的信息很多，若有认识我的朋友，请不要暴露我......
[2017-03-05 12:46:43] 前公司是一家主要为各大电视节目（综艺、电视剧）以及品牌（饮料、服装、化妆品等）做外包宣传的公司。主要宣传渠道和方式是在微博（运营官博），微信（运营公众号）以及在各大新闻门户网站以及娱乐APP上撰写软文或通稿。而我的岗位则是，年入2.5狗（厦门）
[2017-03-05 12:46:43] 
[2017-03-05 12:46:43] 
[2017-03-05 12:46:43] 前期是因为经验不足，后期则是因为养成了不好的工作习惯，已经逐渐意识到这些问题，并在逐步改善当中。（有点狡辩的意味）
[2017-03-05 12:46:43] 每天必看：少数派（网站）、好奇心日报、微博、ACFUN文章区（7年老用户）
[2017-03-05 12:46:43] 或许某种程度上是因为自己眼高手低，才造成了如今高不成低不就的局面，我已经并且还将继续深刻反思自己，究竟造成问题的根源在哪里，以及到底怎样才能解决问题。然而社会经验在粗浅的阅历下显得如此薄弱，以至于难以支撑起自己的一片雄心壮志。自以为很有想法，但将之付诸实践的机会却又少之又少，于是属于自己的真理也从未从实践中得来。思来想去，便写下这篇长文，向A站的各位大佬发帖求助，望各位能为我模糊的人生方向指点迷津！
[2017-03-05 12:46:43] 
[2017-03-05 12:46:43] 
[2017-03-05 12:46:43] （2年半的账号，内有无数嘿嘿嘿，可离线）
[2017-03-05 12:46:43] （我不做人辣！！）
[2017-03-05 12:46:43] 负责所运营的官方微博（或微信，但微博居多）的日常内容更新，我负责过的官
[2017-03-05 12:46:43] 博有：。官博具体名字不便说明，请原谅！
[2017-03-05 12:46:43] b）
[2017-03-05 12:46:43] 项目开题报告、项目结案报告，以及每周、每月、每季度都要有
[2017-03-05 12:46:43] 
[2017-03-05 12:46:43] c）
[2017-03-05 12:46:43] 。之所以会说是全年无休，是因为新媒体这行的通病就是必须保证全年无间断更新，即使有周末或节假日，出门也要带着电脑，。工作量太大，基本不可能在放假前提前完成。举几个例子：毕业后正式入职之后的头两个月里我只完整地休息过1天（真的）；基本每个周末都在写报告（PPT)；最忙的7 8月平均每天至少工作15个小时；；大年三十我工作到凌晨3点多，因为恰逢节目开播。
[2017-03-05 12:46:43] b）
[2017-03-05 12:46:43] 这个人认为开会可以提高工作效率！每周大会小会不间断，美名其曰部门经验分享会。于是20多个人挤在一间小会议室里，每次开会从下午3点开到7点，他在上边讲又臭又长但与日常工作不甚相关的经验分享PPT，剩下的人在玩手机。然而他很享受指点江山的感觉，讲完后又强制每个人发表看法（最恶心的一个环节）。开会的这四个小时你必须用晚上加班来补上，但他毫不在意，也从不反省，总是一副“我很屌，我都是为你们好”的样子。
[2017-03-05 12:46:43] ① 
[2017-03-05 12:46:43] 
[2017-03-05 12:46:43]  
[2017-03-05 12:46:43] ②
[2017-03-05 12:46:43]  
[2017-03-05 12:46:43] ③
[2017-03-05 12:46:43]  
[2017-03-05 12:46:43] ④
[2017-03-05 12:46:43]  
[2017-03-05 12:46:43] ⑤
[2017-03-05 12:46:43] 。
[2017-03-05 12:46:43] 在此简单介绍下我所擅长的语言风格：
[2017-03-05 12:46:43] 
[2017-03-05 12:46:43] ①
[2017-03-05 12:46:43] 情感类（情感细腻、文采尚可）；
[2017-03-05 12:46:43] ②
[2017-03-05 12:46:43] 吐槽类（附带表情包技能·MAX）。
[2017-03-05 12:46:43] 
[2017-03-05 12:46:43] 
[2017-03-05 12:46:43] UP主： 阿道夫希特勒.
[2017-03-05 12:46:44] current url: http://www.acfun.cn/a/ac3509780
[2017-03-05 12:46:44] next article link size: 0
[2017-03-05 12:46:44] 文章标题： 一个快30岁却一事无成的渣渣的回忆录（感谢各位老铁了） - AcFun弹幕视频网 - 认真你就输啦 (・ω・)ノ- ( ゜- ゜)つロ
[2017-03-05 12:46:44] 文章内容： 
[2017-03-05 12:46:44] 希望大家不会像我这么失败吧~~来自一个快30的颓废胖子的自嘲    最近刚辞去了工作，乘着我现在还没疯而且有空记录下过去。免得不知何时就
[2017-03-05 12:46:44] 把什么都忘了，越来越失去了对周围的兴趣与感觉，就连记忆也正在渐渐模糊，
[2017-03-05 12:46:44] 不知不觉就陷入了什么都不去想什么都不去考虑什么也不在乎的状态了，也许在
[2017-03-05 12:46:44] 过不久名为我的人格也会崩坏了吧？然而治疗也好怎么样改变也好都觉得毫无意
[2017-03-05 12:46:44] 义，每天就在疲劳跟头疼中度过… 抱怨就到这里吧！毕竟这里只是为了记录我可
[2017-03-05 12:46:44] 以会忘记的东西。
[2017-03-05 12:46:44] 
[2017-03-05 12:46:44]   我，葛文斌，生于1988年.诞生于那年的6月炎热的夏季，听亲戚说那年全国都
[2017-03-05 12:46:44] 处于大旱之中。当然其实这些跟我并没有啥关系，毕竟那时候我还只是个刚出生
[2017-03-05 12:46:44] 的孩子，什么都不懂。说起我的诞生自然要说下我的父母，我父亲是一个杭州
[2017-03-05 12:46:44] 人，而母亲的话是一个来杭投奔自己姐姐务工的湖南人。母亲那边的话因为他们
[2017-03-05 12:46:44] 在湖南而且太久太久没有联系已经很模糊了。主要说下我父亲这边，我爸有兄弟
[2017-03-05 12:46:44] 三人姐姐一人妹妹一人，我奶奶改嫁过一次所以老大老二跟老姐是一个父亲，我
[2017-03-05 12:46:44] 爸我三伯我小姨是一个父亲，我大伯跟我大姨妈比我爸大了接近20岁，不过毕竟
[2017-03-05 12:46:44] 是同母血浓于水，所以也没什么矛盾。而且我爸出生的时候我大伯大姨都已经开
[2017-03-05 12:46:44] 始工作了，在加上我爷爷家里有三个工作的人其实家庭条件虽不富裕但是也不贫
[2017-03-05 12:46:44] 瘠，可惜天有不测风云，我爸8岁的时候我爷爷因为修三轮车把头卡轮子里面活
[2017-03-05 12:46:44] 活窒息而死了，当时竟然也没人发现，只能说有时候天意如此…就这样这个家失
[2017-03-05 12:46:44] 去了自己的顶梁柱，而且我大姨，大伯，二伯也为了工作并且婚姻方面的原因搬
[2017-03-05 12:46:44] 去了周边地区，无法在时时刻刻关注这个家的状况了。
[2017-03-05 12:46:44] 
[2017-03-05 12:46:44]   奶奶就在这样的情况下办理了爷爷的丧事，失去了顶梁柱的经济收入并且办理
[2017-03-05 12:46:44] 了白事在之后这个家已经一贫如洗了，之后的岁月里奶奶靠着从菜场里面捡取别
[2017-03-05 12:46:44] 人丢弃的蔬菜水果跟做工，将我父亲小姨三伯养大并且让他们三人都完成了初中
[2017-03-05 12:46:44] 的学业，初中毕业后我三伯跟我爸本有机会就读高中，但是为了能补贴家用两人
[2017-03-05 12:46:44] 放弃了继续学业的机会开始了工作。我三伯具体哪里工作我不知道而且我也没有
[2017-03-05 12:46:44] 问，我父亲的话当时在半山的农贸市场工作。为了工作的便利父亲从家里搬到了
[2017-03-05 12:46:44] 半山居住。而因为管理的是农贸市场所以获得粮油跟食材变得更便利了，不时可
[2017-03-05 12:46:44] 以贴补家用，生活的艰辛也在渐渐离开这个家，那时候的父亲是一个品尝过生活
[2017-03-05 12:46:44] 的艰辛并且充满激情跟学习欲望的人在农贸市场工作的时候他自学了电工，装
[2017-03-05 12:46:44] 修，初级财务等等。靠着自己的努力父亲从农贸市场调到了半山建材公司，成为
[2017-03-05 12:46:44] 了其中的一员。
[2017-03-05 12:46:44]   也许是孽缘也或许是天意，父亲在一次回家中遇到了准备轻生的母亲，前面说
[2017-03-05 12:46:44] 过母亲是一个来投靠姐姐的外来务工人员，她长得很漂亮所以自然心也很大。姨
[2017-03-05 12:46:44] 夫是部队的退役军官，退役后成为了当时杭州钢铁公司的一个主任干部，在他的
[2017-03-05 12:46:44] 帮助下母亲成为了杭钢中的一员，但是我美丽的母亲大人自然不会满意作为一个
[2017-03-05 12:46:44] 小小的工人咯，所以靠着自己与生俱来的的天赋她成功的跟当时的某个管理人员
[2017-03-05 12:46:44] 发生了某些超越友谊的关系，可惜对于那个人来说母亲对她说也不过是一个美丽
[2017-03-05 12:46:44] 的玩物吧?当厌倦了母亲的索求之后自然一脚将她踢开了，失去了一切的母亲当
[2017-03-05 12:46:44] 时应该已经陷入了绝望中不然她也不会想到死。而偶然路过的父亲就在那样的情
[2017-03-05 12:46:44] 况下跟我母亲邂逅了，他救了当时想轻生的母亲，劝解了她轻生的想法并将母亲
[2017-03-05 12:46:44] 送回了母亲姐姐的家。前面说过母亲是个心大的人所以尽管她跟那个管理人员发
[2017-03-05 12:46:44] 生了事，但是我大姨跟姨夫一点都没有察觉，当他们看到送母亲回来的父亲与轻
[2017-03-05 12:46:44] 生失败的母亲。自然而然的就觉得是我父亲跟母亲发生了什么，并且准备辜负母
[2017-03-05 12:46:44] 亲，所以才导致我母亲想不开要轻生，而父亲为了母亲的声誉什么都没有说。之
[2017-03-05 12:46:44] 后在他们的要求跟逼迫下，当然我估计也有我父亲看到了我母亲的确长得不错也
[2017-03-05 12:46:44] 有点心动，两人成为了夫妻。婚后的生活应该是快乐的吧？因为一个当事人我遇
[2017-03-05 12:46:44] 不到另外一个我不想去问他所以具体情况我也不是很清楚。
[2017-03-05 12:46:44]      一年半之后作为他们的结晶我出生了，前面说过我出生那年刚好遇到大旱那年
[2017-03-05 12:46:44] 头尽管下海之风盛行但是还实行着配给制，在这样的灾害下能得到多少物资自然
[2017-03-05 12:46:44] 是可想而知的，所以在我出生以后母亲跟父亲提出了离开杭州出去务工的想法，
[2017-03-05 12:46:44] 但是父亲想着家中的老母跟年幼的我拒绝了这个提议，失望的母亲在跟父亲进行
[2017-03-05 12:46:44] 沟通以后抛下了三个月大的我，如同那时候无数的务工妹一样前往了深圳那个大
[2017-03-05 12:46:44] 染缸。开始了之后新的工作生活。
[2017-03-05 12:46:44] 
[2017-03-05 12:46:44]      之前说到我母亲为了事业将三个月大的我跟父亲留在了杭州。孤身一人前往深
[2017-03-05 12:46:44] 圳开始了打工生活，她在那边发生了什么我一点也不知道，唯一知道的只有那时
[2017-03-05 12:46:44] 的我时常被寄宿在我大姨的家中。与我的父母却总是聚少离多，他们都各自忙于
[2017-03-05 12:46:44] 自己的事业之中，一个经常要出远门出差进建材货物一个在深圳打工。
[2017-03-05 12:46:44] 
[2017-03-05 12:46:44]     就在这样的环境下我长到了两岁，而这年发生了一场影响到我之后生活跟整个
[2017-03-05 12:46:44] 家庭的事情。父亲又在一次出远门回来以后将我接回了我们的家，父亲的公司分
[2017-03-05 12:46:44] 配给他的小屋。小屋位于半山之上刘文村那边，那里在当时的杭州属于郊区中的
[2017-03-05 12:46:44] 郊区一个十分偏僻的地方当然现在也依然是，不过那里毕竟是我们的家一个遮风
[2017-03-05 12:46:44] 避雨的归宿。不过老天总是喜欢跟人开玩笑不是吗？父亲在某一个夜里出门的时
[2017-03-05 12:46:44] 候摔坏了腿，行动不便的他于是拜托了我大姨过来照顾我。当大姨忙完准备回去
[2017-03-05 12:46:44] 的时候父亲敲着拐杖带着年幼的我去车站送她回去，当时两岁刚学会走路的我并
[2017-03-05 12:46:44] 不是一个安分的主喜欢到处跑到处跳，对这个世界充满着好奇，渴望着世界上的
[2017-03-05 12:46:44] 一切。腿脚不便的父亲无法追到到处乱跑的我，大姨害怕乱跑的我出事所以一直
[2017-03-05 12:46:44] 在追我，如同所有熊孩子一样年幼的我将这当成了一种有趣的游戏。于是悲剧就
[2017-03-05 12:46:44] 在措不及防的时刻降临了，当时已经7点在那个时候路两旁还不像现在拥有那么
[2017-03-05 12:46:44] 多路灯，一位疲劳驾驶的客运司机就在大意之下将我撞在了车底，而我的右腿就
[2017-03-05 12:46:44] 这么离我而去。幼小的我在这场车祸中徘徊在生死边缘，而父亲也无力承受那昂
[2017-03-05 12:46:44] 贵的医疗费，尽管家人劝他让对方负责，但是他最后依然选择了1W5000元的赔
[2017-03-05 12:46:44] 偿。当母亲接到消息从深圳回来的时候，手术费跟医疗费几乎花光了这笔赔款，
[2017-03-05 12:46:44] 愤怒的母亲因为这件事情跟父亲进行了剧烈的争吵，互相指责对方没有做到一个
[2017-03-05 12:46:44] 父母的责任，并最终不欢而散。当我还在医院静养的时候两人离婚了，而我也被
[2017-03-05 12:46:44] 判给了母亲。不过也许是抱着内疚跟别的情绪最终他从母亲手上得到了我的抚养
[2017-03-05 12:46:44] 权。
[2017-03-05 12:46:44] 
[2017-03-05 12:46:44] 就这样我在那年失去了我的右腿跟我的母亲。变成了一个残疾人跟单亲子女，之
[2017-03-05 12:46:44] 后的日子是平淡的也是辛苦的失去了右腿的我，无法在如同普通小孩那样到处走
[2017-03-05 12:46:44] 动，并且因为年幼车祸导致身体也收到了一定的损伤之后的岁月中我也成了医院
[2017-03-05 12:46:44] 的常客，为了赚取医疗费用同时也是为了节省开支方便照顾我，同年他辞去了在
[2017-03-05 12:46:44] 半山的工作与我一起住进了奶奶的住所，位于杭州百货大楼后面的老式楼房。靠
[2017-03-05 12:46:44] 着在那里摆摊给人修自行车跟不定期的去卖血来维持家用。那时候的父亲如同一
[2017-03-05 12:46:44] 块顽石坚硬而又不屈，就在这样清贫而又窘迫的状态下日子又往过去了两
[2017-03-05 12:46:44] 年，1992年那年我四岁了，这两年中发生了许许多多的事我就不一一描述了，有
[2017-03-05 12:46:44] 开心也有伤痛，但是总体依然是平稳的，而老天对于我们的玩笑也才只是刚刚开
[2017-03-05 12:46:44] 始而已。
[2017-03-05 12:46:44] 嘛累了剩下的明天再写吧~顺便如果有看的人的话不需要留言想看的话每天来看
[2017-03-05 12:46:44] 下就行我会一直更新的，毕竟对于我来说已经什么都无所谓了。
[2017-03-05 12:46:44] 
[2017-03-05 12:46:44]    接上文1992年，那年我四岁，之前说过老天是一个喜欢开玩笑的人，所以在
[2017-03-05 12:46:44] 这两年中我那个苦了一辈子累了一辈子的奶奶中风倒下了，并在同年的11月离
[2017-03-05 12:46:44] 开了我们，我失去了了另一个对我来说重要的亲人，年幼的我认为是为照顾
[2017-03-05 12:46:44] 我，奶奶才会死的，抱着父亲哭着说是我害死了奶奶。顺便这里更正下一处
[2017-03-05 12:46:44] 我记错的地方，奶奶那时候是住在南大树巷，而不是百货大楼后面，百货大楼
[2017-03-05 12:46:44] 后面是在奶奶死了以后我们才搬过去的那是奶奶留给我们的遗产。之后的日子
[2017-03-05 12:46:44] 经过朋友的介绍父亲知道了位于半道红的假肢公司，在花了大笔钱以后我终于
[2017-03-05 12:46:44] 又能如同一个普通的孩子那样走路了，记得刚得到假肢的我在度过了那段适应
[2017-03-05 12:46:44] 期之后如同一只兴奋的猴子到处上蹿下跳，最喜欢的事情就是去坐百货大楼那
[2017-03-05 12:46:44] 边的电梯，然后每次又因为害怕不敢坐电梯下去而在那里嚎啕大哭。最后或是
[2017-03-05 12:46:44] 被父亲抱回家或是被好心的叔叔阿姨拯救。那时候不知道愁滋味的我并不明白
[2017-03-05 12:46:44] 让我回复行动的假肢对于父亲是一种怎么样的重担，他独自一人承担了所有生
[2017-03-05 12:46:44] 活的艰辛，写到这里不禁感触良多我这辈子欠他的太多了，亏他的也太多。
[2017-03-05 12:46:44]    1993年，那一年百货大楼收购了我家所在的老式楼要将那里改建成百货大楼
[2017-03-05 12:46:44] 一个新的附属楼。于是我们又再一次失去了栖身之地，失去住所无处可去，而
[2017-03-05 12:46:44] 且因为我的原因这个家变得更加落魄了。毫无办法之下父亲带着我又回到了半
[2017-03-05 12:46:44] 山靠着以前的关系跟人脉重新进入了半山建材公司，而我们又一次住进了位于
[2017-03-05 12:46:44] 刘文村的福利分房，那段时间是父亲最拼搏的时期，为了能获得更多的收入父
[2017-03-05 12:46:44] 亲几乎干遍了所有自己能做的工作，天天早出晚归，甚至于有时候忙到夜不归
[2017-03-05 12:46:44] 宿。那时的我经常独自一人坐在家中等着父亲的归来，因为对于我来说他已经
[2017-03-05 12:46:44] 是我那小小生命中的全部了。终于在某一天想念父亲的我偷偷从窗户里面翻出
[2017-03-05 12:46:44] 了家门想去寻找他，可惜不考虑后果的我没想到我家住在二楼，于是出了窗户
[2017-03-05 12:46:44] 以后傻乎乎的我就掉在了二楼的台面上，看着离自己有将近一米六的窗户，跟
[2017-03-05 12:46:44] 还有3米才到一楼的台面，只能一脸懵逼的坐在台面上毫无办法。没办法之下
[2017-03-05 12:46:44] 我只能在那边坐着，那时候的我害怕给别人添负担于是既没有大声呼救也没有
[2017-03-05 12:46:44] 哭喊，我没哭，嗯我记得我没哭！！！当父亲回来以后在屋里面找不到我简直
[2017-03-05 12:46:44] 就急疯了，而那时的我正在台面上缩成一团睡觉。当最终被父亲叫醒的时候他
[2017-03-05 12:46:44] 抱着我在哭，而我却不明白他当时的感受。发生了这次事以后父亲在也不敢将
[2017-03-05 12:46:44] 我一人留在家中，但是忙于工作的他实在分身乏术无法照顾我。于是我被寄养
[2017-03-05 12:46:44] 在了住在拱宸桥的我大姨家中。嘛今天就先写到这里了~~明天再写后面吧。还
[2017-03-05 12:46:44] 有感谢下面那些老铁们~~不过将这个当成一个故事就行了。祝你们的生活能够
[2017-03-05 12:46:44] 平平安安。有时候平淡也是一种幸福。至于二维码啥的就不用了~~哈哈在这里
[2017-03-05 12:46:44] 写下这些也是对我人生的一次重新审核 有太多事情压在心头无人倾诉，也无人
[2017-03-05 12:46:44] 可以告诉。在这里你不认识我，我也不认识你，所以我可以将我压在心头许久
[2017-03-05 12:46:44] 的事情大声的说出来。当我将我的故事告诉你们的时候，也是对我自己的一个
[2017-03-05 12:46:44] 救赎。
[2017-03-05 12:46:44] 
[2017-03-05 12:46:44]    乘着失业到处闲逛散心，逛了一天我回来了，继续将之后的故事写下去。住在
[2017-03-05 12:46:44] 大姨家的那段日子对于我来说也许是这辈子也无法遗忘的美好回忆，尽管大姨家
[2017-03-05 12:46:44] 并不富裕，大姨跟姨夫很早之前就离异了，大姨独自带着表哥跟表姐生活，虽然
[2017-03-05 12:46:44] 如此但是在大姨家寄居的那段日子大姨却几乎将所有的精力都放在了我身上，从
[2017-03-05 12:46:44] 她那儿我得到了失去许久的母爱。但是一直说过老天是个喜欢开玩笑的人，他给
[2017-03-05 12:46:44] 予你的玩笑永不停止。于是在某天残肢上突然传来了刺骨的疼痛，无尽的痛楚几
[2017-03-05 12:46:44] 乎将我淹没，大姨在没有办法之下通知了父亲，父亲带我去浙二医院检查才得知
[2017-03-05 12:46:44] 我右腿残肢上的骨头异常增长，刺伤了我残肢上的肌肉。经过医生诊断需要立刻
[2017-03-05 12:46:44] 开刀将多余的骨头锯除，手术费对于父亲来说几乎是无法承担的负担，尽管父亲
[2017-03-05 12:46:44] 已经努力的拼搏工作但依然不足以支撑起完成手术。绝望之下父亲这些年第一次
[2017-03-05 12:46:44] 打电话给了我母亲，希望她能给予帮助。然而她拒绝了，并且表示她也无能为
[2017-03-05 12:46:44] 力。在之后的日子父亲向任何他能联系上的人借钱。并最终在父亲同学与同事的
[2017-03-05 12:46:44] 帮助下他凑齐了手术的费用，替我完成了手术。术后为了照顾我父亲在单位请了
[2017-03-05 12:46:44] 一个月长假，当我麻药退去忍不住疼大哭的时候是他一直安慰着我，用他粗糙的
[2017-03-05 12:46:44] 大手握着我的小手。
[2017-03-05 12:46:44]        中间还发生了一些有趣的小插曲，某天我看到父亲在那里用剃须刀在那边刮
[2017-03-05 12:46:44] 胡子，于是觉得好玩的我偷偷的拿了父亲的剃须刀，但是没有胡子就没办法用没
[2017-03-05 12:46:44] 办法用就不好玩，直到我看到了自己的眉毛，于是一个无眉怪就这样诞生了，当
[2017-03-05 12:46:44] 父亲回来以后看到我的样子一脸无奈。日子就在这样一天天过去，我也在一天天
[2017-03-05 12:46:44] 愈合，直到有一天一个女人来到了我面前，她看着我问我疼不疼？但是搜遍了有
[2017-03-05 12:46:44] 的记忆我也无法想起她是谁，于是我问她阿姨你是谁？她看着我什么也没说默默
[2017-03-05 12:46:44] 的走了。许久之后我才从大姨那里知道她就是我的母亲。那是我有记忆以来第一
[2017-03-05 12:46:44] 次看见她，之后的日子里她在我的印象中一直是世界上最美好的憧憬。正如死神
[2017-03-05 12:46:44] 里面蓝染说的憧憬是距离了解最遥远的距离。如果没有之后发生的那些事，也许
[2017-03-05 12:46:44] 她会一直是我心中最美好的幻想之一。关于她的事我以后会说。
[2017-03-05 12:46:44] 
[2017-03-05 12:46:44]   继续下文出院以后为了还清欠下的债务父亲将更多的时间投入到了工中，而我
[2017-03-05 12:46:44] 也终于到了能上幼儿园的年纪，于是我开始了在幼儿园的寄居生活，努力工作的
[2017-03-05 12:46:44] 父亲害怕我在幼儿园中受到欺负总是不定时的送各种东西给幼儿园的院长，但是
[2017-03-05 12:46:44] 有时候礼物并不能改变什么，小孩总是容易被大人所影响，所以在诸如那个小孩
[2017-03-05 12:46:44] 父母都不管，还是个残疾的不要跟他玩之类话语的影响下，我没有什么朋友，不
[2017-03-05 12:46:44] 管我怎么样去努力的去想认识他们接触他们也毫无用处，那时候我才明白原来我
[2017-03-05 12:46:44] 跟他们是不同的。直到有一天院长养的一棵观赏植物被弄坏了，生气的院长大声
[2017-03-05 12:46:44] 的质问所有孩子是谁把植物弄坏的，一片沉默之中无人承认，许久之后一个孩子
[2017-03-05 12:46:44] 说，他看到是我弄坏的。愤怒的我大声的说我没有，不是我。但是院长并不相
[2017-03-05 12:46:44] 信，而是说一定是我，如果我不承认她就要带我去医院打针，打完针我就承认
[2017-03-05 12:46:44] 了。年幼的我害怕的哭了，一边哭一边说真的不是我，但是院长一点也不管这些
[2017-03-05 12:46:44] 将我拖到了马路上并且要把我带去医院，最终在恐惧之下我承认了。当天下午我
[2017-03-05 12:46:44] 从幼儿园偷偷的出走了从幼儿园走到了父亲工作的单位，我抱着父亲将发生的一
[2017-03-05 12:46:44] 切告诉了他，然而他只是对我说他给了院长那么多礼物院长不会这样对我，把我
[2017-03-05 12:46:44] 送了回去，在幼儿园里院长跟父亲说我毁坏了幼儿园的观赏性植物，于是父亲将
[2017-03-05 12:46:44] 我所有的话语当成了一个孩子为了掩饰自己错误的谎言。关于幼儿园我的记忆里
[2017-03-05 12:46:44] 只剩下了这些那是我不愿意回想的经历。当然在幼儿园并不是只有坏事，我依稀
[2017-03-05 12:46:44] 记得在那里我认识了一个肯跟我玩的小女孩，只是时间已经过去了太久记忆也已
[2017-03-05 12:46:44] 经模糊了。好了今天就写到这里了，还有感谢各位在看的观众，我说了我只是在
[2017-03-05 12:46:44] 这里写一些回忆，写着写着就记起一些曾经记得之后忘记的东西，我现在已经忘
[2017-03-05 12:46:44] 记了太多东西，一味刻意的让自己不在乎无所谓，于是这些重要珍贵曾经让我难
[2017-03-05 12:46:44] 过让我感动的记忆都已经成了模糊的片段。不知不觉我连自己的存在也不在乎对
[2017-03-05 12:46:44] 周围的感官也无所谓，也许正是这种逃避的心态才造成了现在的我。当我把这些
[2017-03-05 12:46:44] 写下来的时候也是对自己一次新的审视。顺便继续感谢楼下的各位，不过半山那
[2017-03-05 12:46:44] 个是单位分配房。我爸之后下岗了所以房子已经还了。还有让我留下二维码的老
[2017-03-05 12:46:44] 铁们，谢了不过不用了下岗之前还有些存款度日还是够了嗯，而且我也不能总靠
[2017-03-05 12:46:44] 别人不是，授人以鱼不如授人以渔。所以你们可以说说你们的学习经历或者人生
[2017-03-05 12:46:44] 感悟，这也许在以后对我更有用。还有礼拜六我准备出个远门散散心，可能到时
[2017-03-05 12:46:44] 候更新要晚点~
[2017-03-05 12:46:44] 顺便嗯 这是UP在医院拍的~~~跑
[2017-03-05 12:46:44] 还有可怜之人必有可恨之处有时候不是说说的当幸福来敲门的时候我作死了无数次
[2017-03-05 12:46:44] 
[2017-03-05 12:46:44]     嘛~睡了会，醒了又有写的力气了。继续幼儿园到我读小学之前的那段生活尽
[2017-03-05 12:46:44] 管有不如意也有排斥，然而比之之前的生活来说却充满平淡。在父亲的努力工作
[2017-03-05 12:46:44] 下家庭的条件也开始变得不再那么窘迫。而我们被拆了房子的房改房也在95年那
[2017-03-05 12:46:44] 年的年中敲定了下来，一切似乎又回到了正轨。苦难也似乎离我们而去，而在这
[2017-03-05 12:46:44] 平淡的日子中父亲也认识了在他生命中第二个留下深刻印记的女人，我的后妈一
[2017-03-05 12:46:44] 个义乌人，她是一个虽不算温柔但是却和善，虽不睿智却很包容的女人。在之后
[2017-03-05 12:46:44] 的日子中她在我的生命中起到了代替我母亲的职责，可惜有时候人是如此的不懂
[2017-03-05 12:46:44] 得珍惜，当拥有之时却不会理解其中的宝贵，而只有失去之后才会明白失去的可
[2017-03-05 12:46:44] 贵。所以当她进入我们生活，我对她充满着排斥，原因却只是因为她不是我的母
[2017-03-05 12:46:44] 亲。那是的我依然对自己的母亲充满着希望幻想。每次看着放学回家的同学们被
[2017-03-05 12:46:44] 自己的父母接回家我都充满着羡慕与憧憬，相信着我的母亲是爱我的，她的离去
[2017-03-05 12:46:44] 只是迫不得已。所以尽管那个虽不是我母亲却如同我母亲的女人一直在迁就我，
[2017-03-05 12:46:44] 当时的我却无法理解她的苦心。如果日子一直这样平淡的过去的话也许总有一天
[2017-03-05 12:46:44] 我会接受她并且真的成为一家人。
[2017-03-05 12:46:44]      可惜世界上没有那么多如果，我依然记得那是1997年香港回归的日子，那年
[2017-03-05 12:46:44] 我9岁。父亲所在的公司因为国企改制已经破产了，他也成为了当时众多的下岗
[2017-03-05 12:46:44] 人员中的一个。然而父亲却并没有沉浸在下岗的阴影之中。靠着很久以前市场管
[2017-03-05 12:46:44] 理时候学到的刀工跟分割技术，他成了一个肉摊贩子。靠着他与她辛勤的工作幸
[2017-03-05 12:46:44] 福也似乎离我们越来越近了，直到某一天一个电话打破了这宁静的生活。那是我
[2017-03-05 12:46:44] 母亲的电话，电话中她对父亲与我诉说了这些年所受的辛苦，也说了对我们的思
[2017-03-05 12:46:44] 念。听到这些的我哭的无法自持，只是傻傻的对着电话说你回来吧，我好想你，
[2017-03-05 12:46:44] 我好想妈妈，我不要现在这个阿姨。父亲看着那时的我，什么也没有说而是依然
[2017-03-05 12:46:44] 如同曾经那样承担了我的任性，只是对着电话说；你回来吧，有什么事回来再
[2017-03-05 12:46:44] 说。
[2017-03-05 12:46:44]      那年我的父母复合了，而那个做到我母亲责任的女人，选择了退出。然而如果
[2017-03-05 12:46:44] 能够在给我一次机会，我想我不会再强求已经失去的缘分。强求来的缘分有时候
[2017-03-05 12:46:44] 回带来灾难。他们复合后不久，某天母亲跟父亲商量为了能更好的照顾残疾的
[2017-03-05 12:46:44] 我，所以在给我生一个弟弟吧。父亲出于未来有个兄弟能我帮衬的考虑同意了这
[2017-03-05 12:46:44] 个提议、不久之后我的弟弟出生了。对于我来说我根本不明白这代表着什么，弟
[2017-03-05 12:46:44] 弟出生以后父亲常常看着弟弟发呆，但是最终也没有说什么，当时的我并不明白
[2017-03-05 12:46:44] 对于一个男人父亲到底承担了什么。只是沉浸在我又多了一个亲人的喜悦中。
[2017-03-05 12:46:44] 
[2017-03-05 12:46:44]      经过多年的奋斗努力跟下岗买断工龄，父亲的手上当时有一笔余钱。有一天母
[2017-03-05 12:46:44] 亲跟父亲商量我们现在所在的房改房地段不错不如将这套房子租出去在去买一套
[2017-03-05 12:46:44] 地里位置差一些的地方。我想父亲应该是爱我的母亲的，所以不管她提出什么最
[2017-03-05 12:46:44] 后也会答应他。于是父亲拿出了这些年所有的积蓄在当时还是郊区的文三路紫荆
[2017-03-05 12:46:44] 花苑买了一套房子，为了节省成本整个房子的装修全是父亲乘着休息之余去完成
[2017-03-05 12:46:44] 的。为了更快的完成装修当时父亲几乎天天住在那边，并且当房子终于装修完买
[2017-03-05 12:46:44] 下来父亲将房子的法人代表给了母亲。
[2017-03-05 12:46:44] 
[2017-03-05 12:46:44]       时光冲冲，不知不觉中父母的复合也两年了，那时的我们住在文三路的紫荆
[2017-03-05 12:46:44] 花苑，而我的弟弟也2岁了，几乎所有看到弟弟的亲人们都会对着父亲欲言止。
[2017-03-05 12:46:44] 只有懵懂的我还不曾明白，这两年母亲几乎是作为一个全职太太存在的家里的负
[2017-03-05 12:46:44] 担由父亲独立承担，然而她似乎总是对父亲充满着不满意。而长久的生活中这份
[2017-03-05 12:46:44] 不满意化为了怨念，等待着爆发的时刻。当那年那个义乌的阿姨带着自己病重的
[2017-03-05 12:46:44] 老父来杭州治病，而父亲没有跟母亲打招呼在医院陪了一天以后。这份不知是愧
[2017-03-05 12:46:44] 疚是还从不满意中诞生的怨念终于爆发了，她独自一人拿着刀到了父亲所在的肉
[2017-03-05 12:46:44] 脯对着父亲捅了三刀。当警察来抓捕母亲的时候，父亲只是笑着对自己当警察的
[2017-03-05 12:46:44] 朋友说没事的，只是夫妻之间的玩笑。然而母亲并没有对父亲的行为有任何的感
[2017-03-05 12:46:44] 动，将受伤的父亲独自一人扔在了那里，回到家以后用剪刀将父亲所有的衣服裤
[2017-03-05 12:46:44] 子剪掉了，收拾了行礼然后走了。留下了年幼的弟弟，我，还有受伤的父亲在一
[2017-03-05 12:46:44] 次消失在了我们的生命中。当父亲拖着受伤的身体回到家的时候只看到了坐在地
[2017-03-05 12:46:44] 上嚎啕大哭的我跟弟弟，而这个坚强的男人只是抱着我，然后跟我说儿子来帮我
[2017-03-05 12:46:44] 上下药。
[2017-03-05 12:46:44] 
[2017-03-05 12:46:44]       而这只是开始三个月后的某天一对夫妻敲开了我家的大门，并跟我们说他们
[2017-03-05 12:46:44] 已经从房产交易所那里获得了这套房子的产权。我们必须在限期以内搬离，那是
[2017-03-05 12:46:44] 父亲第一次发狂，也是那么多年里他第一次打了我。喝醉的他疯狂的砸着家里的
[2017-03-05 12:46:44] 一切，而去劝他的我也被他按着一顿胖揍。但是现在想来那是我自作自受不是
[2017-03-05 12:46:44] 吗？事已成定局，说什么也无法改变。于是这么多年来，我们又一次失去了容身
[2017-03-05 12:46:44] 之处，当然我们还有一套房改房，但是那套房子已经租出去了。而合同还有两
[2017-03-05 12:46:44] 年，我跟父亲在当时没有办法在父亲的朋友家公园里都睡过一段时间，而弟弟在
[2017-03-05 12:46:44] 母亲卖了房子前没多久，母亲的姐姐找到了我们并接走了那孩子。从那以后我跟
[2017-03-05 12:46:44] 父亲又回到了相依为命的生活。（有的事情我也是很久以后才知道，所以这里我
[2017-03-05 12:46:44] 说下那孩子吧.那孩子并不是我父亲跟母亲的，是母亲在深圳的时候认识的一个台
[2017-03-05 12:46:44] 湾商人的孩子，但是一味以色侍人的人对他们那样的人来说终归也只是玩具一样
[2017-03-05 12:46:44] 的存在，所以当被抛弃又发现自己怀孕的母亲想起了我那老实的父亲，并且最终
[2017-03-05 12:46:44] 又坑了他。我不知道她配不配母亲这个称呼，不过这么多年我对她也不在报以希
[2017-03-05 12:46:44] 望如同一个陌路人。但是她毕竟是生了我的人，所以我依然称呼她一声母亲，继
[2017-03-05 12:46:44] 续说后面的事当那孩子两岁的时候那个商人不知道怎么样又联系到了我的亲，并
[2017-03-05 12:46:44] 且表示希望能看看自己的儿子，于是就有了上面的一幕，不过最终她依然没有得
[2017-03-05 12:46:44] 到自己想要的生活，最后表明那个所谓的台湾商人也只是一个骗子而已，她骗光
[2017-03-05 12:46:44] 了母亲的所有积蓄然后抛弃了她，并且还骗她吸了毒，染上毒瘾的她最后实在没
[2017-03-05 12:46:44] 钱之下将我那个可怜的弟弟五万卖给了别人，自己最后也被抓起来关进了戒毒
[2017-03-05 12:46:44] 所，最后是我舅舅花钱把那孩子赎回来并且养在了自己家中，这些都是去年冬至
[2017-03-05 12:46:44] 我去给我表妹上坟时遇到了我妈的姐姐才从她那里知道了这些事，那孩子今年在
[2017-03-05 12:46:44] 湖南大学毕业了。我想我不会去跟他联系，也不想参与到他的生活中。唯一值得
[2017-03-05 12:46:44] 庆幸的大概是她从戒毒所出来以后就永远的消失在了所有人眼中）
[2017-03-05 12:46:44] 
[2017-03-05 12:46:44] 12点了 今天就写到这里吧
[2017-03-05 12:46:44] http://weibo.com/1257555787/profile?topnav=1&wvr=6嗯顺便这是我的微博 我微博里面也在更新
[2017-03-05 12:46:44] 
[2017-03-05 12:46:44] UP主： 妄想的力量
[2017-03-05 12:46:45] current url: http://www.acfun.cn/a/ac3507888
[2017-03-05 12:46:45] next article link size: 0
[2017-03-05 12:46:45] 文章标题： 听说你想转码农?非计算机专业码农毕生忠告 - AcFun弹幕视频网 - 认真你就输啦 (・ω・)ノ- ( ゜- ゜)つロ
[2017-03-05 12:46:45] 文章内容： 
[2017-03-05 12:46:45] 听说你想转码农？
[2017-03-05 12:46:45]     朋友，你好。
[2017-03-05 12:46:45]     本人在码农介摸爬滚打四年有余，大学非计算机专业，现在对这块的行情可以说有点了解吧。我就大概说说吧...
[2017-03-05 12:46:45]     如果你是非专业出生想转码农，那你就得比别人学的更多更努力，不光是项目开发运用到的技术，还要懂一些计算机原理，否则面试很难摆平面试官。
[2017-03-05 12:46:45]     学习方面：java,scala,linux,js,jquery,html,easyui,bootstrap,springmvc,struts,hibernate,oracle,mysql.socket,webservice.这是最基础的...还有dubbo,zookeeper,keepalive,kafka,MQ等等..说真的，技术这方面你学一辈子都学不完，这些技术都是你应该会的，特别是做后端，现在后端基本上算小全栈了，我做后端的时候 做过需求 画过原型 设计过数据库 考虑过技术选型 部署过项目 还配置过机房硬件...
[2017-03-05 12:46:45]     上面说的，并不是你会一个select * from ...就是会了，做项目是按照需求来，所以很多时候你就在抓头想，还有代码美观上，我出来犯过最严重的错误就是写着沉重的垃圾代码自欺欺人，代码能跑但是你可以写的更优美(ps.对你职业生涯有帮助)
[2017-03-05 12:46:45]     面试方面:虽然我不是什么大咖也面试过一些人，大部分人面试都是背的那一套 比如spring的优缺点 依赖注入控制反转切面编程，说实话没错但是过来面试的都这么说，平平无奇，但是我让你用切面做一个需求就懵逼了(面试说的很厉害，做个小功能花了几天搞定)，我的意思是 你怎么去征服面试官..来面试的10个人，我需要2个，那我得从中挑选吧？
[2017-03-05 12:46:45]     我在做了第三年的时候就已经挺懊恼了，身体每况愈下，腰椎间盘突出，脱发，胃病，工作时间一长后脑勺就痛的厉害，其实我真的挺怕哪天就拜拜了。这些所有的症状在我入行前是没有的。对，女朋友也丢了。
[2017-03-05 12:46:45]     收入:做码农的发不了财饿不死，就这么简单的说吧。
[2017-03-05 12:46:45]     码农是唯一一个吃不了老本的职业，你要不停的学习 学习 学习，早些年.net不是听火吗，现在你还听过么?市场上还有很少部分.net工程师大多都是维护以前的系统。
[2017-03-05 12:46:45]     华为在裁员30岁以上的你知道吧...
[2017-03-05 12:46:45]     如果你真的想好了，如果需要帮助的话..可以和我交流一下..可能会让你少走一些弯路吧！谨记
[2017-03-05 12:46:45] 
[2017-03-05 12:46:45] UP主： Misicssss
[2017-03-05 12:46:46] current url: http://www.acfun.cn/a/ac3519494
[2017-03-05 12:46:46] next article link size: 0
[2017-03-05 12:46:46] 文章标题： 家里有个赌鬼父亲空了一屁股债怎么办 - AcFun弹幕视频网 - 认真你就输啦 (・ω・)ノ- ( ゜- ゜)つロ
[2017-03-05 12:46:46] 文章内容： 
[2017-03-05 12:46:46] 家住东部某二线城市 ，学历技校还没毕业, 家庭条件差, 也曾经因开麻将档富裕过 , 但因我爸赌也把房子抵押出去过 好不容易还上。
[2017-03-05 12:46:46] 本来以为50多岁人了会安分点不在沾赌，  结果还是背着家里赌 ，空了一屁股债。
[2017-03-05 12:46:46]      妈妈也没工作    
[2017-03-05 12:46:46] 爸妈准备离婚，  把房子过到我头上 ， 然后我爸跑路。
[2017-03-05 12:46:46] 我现在真的很迷惘 ，Acer们我该怎么办
[2017-03-05 12:46:46] 心态爆炸
[2017-03-05 12:46:46] 家里也无力偿还 。
[2017-03-05 12:46:46] 
[2017-03-05 12:46:46] UP主： 加藤茉莉香poi
[2017-03-05 12:46:47] current url: http://www.acfun.cn/a/ac3519426
[2017-03-05 12:46:47] next article link size: 0
[2017-03-05 12:46:47] 文章标题： 请问有在安踏总部上班的基佬么~ - AcFun弹幕视频网 - 认真你就输啦 (・ω・)ノ- ( ゜- ゜)つロ
[2017-03-05 12:46:47] 文章内容： 
[2017-03-05 12:46:47] 我账号等级不高，但是看了三年多的文章区了，今天是第一次投稿。我是今年的应届毕业生，拿了安踏总部管培生的offer(数据分析方向），工资待遇一般5.5K，不包吃住，其他的福利也就是6000的购物券之类的。厦门消费不低，工资也没啥有吸引力，纯粹是因为行业和安踏总部的工作环境才选的这个offer。有没有知道总部情况或者有经验的ACER们，跟我介绍一下职业前景和公司内部的一些情况。我是萌新，选择来ac上问这个纯粹是因为对ac挺有归属感的，第一次发帖，欢迎各位评论区肛我
[2017-03-05 12:46:47] 
[2017-03-05 12:46:47] UP主： 自歌自舞自开怀
